This file contains any messages produced by compilers while
running configure, to aid debugging if configure makes a mistake.

It was created by libfluid_msg configure 1.0, which was
generated by GNU Autoconf 2.69.  Invocation command line was

  $ ./configure --host=arm-linux-androideabi CC=arm-linux-androideabi-gcc CXX=arm-linux-androideabi-g++ LD=arm-linux-androideabi-ld CFLAGS=--sysroot=/home/spykid/sdm/ndk/platforms/android-8/arch-arm/ CXXFLAGS=--sysroot=/home/spykid/sdm/ndk/platforms/android-8/arch-arm/ -I/home/spykid/sdm/ndk/sources/cxx-stl/gnu-libstdc++/4.7/include -I/home/spykid/sdm/ndk/sources/cxx-stl/gnu-libstdc++/4.7/include/backward -I/home/spykid/sdm/ndk/sources/cxx-stl/gnu-libstdc++/4.7/libs/armeabi-v7a/include

## --------- ##
## Platform. ##
## --------- ##

hostname = sasha
uname -m = x86_64
uname -r = 3.19.0-30-generic
uname -s = Linux
uname -v = #33~14.04.1-Ubuntu SMP Tue Sep 22 09:27:00 UTC 2015

/usr/bin/uname -p = unknown
/bin/uname -X     = unknown

/bin/arch              = unknown
/usr/bin/arch -k       = unknown
/usr/convex/getsysinfo = unknown
/usr/bin/hostinfo      = unknown
/bin/machine           = unknown
/usr/bin/oslevel       = unknown
/bin/universe          = unknown

PATH: /usr/local/sbin
PATH: /usr/local/bin
PATH: /usr/sbin
PATH: /usr/bin
PATH: /sbin
PATH: /bin
PATH: /home/spykid/sdm/ndk/toolchains/arm-linux-androideabi-4.7/prebuilt/linux-x86_64/bin
PATH: /home/spykid/sdm/ndk/toolchains/arm-linux-androideabi-4.7/prebuilt/linux-x86_64/include


## ----------- ##
## Core tests. ##
## ----------- ##

configure:2318: checking for a BSD-compatible install
configure:2386: result: /usr/bin/install -c
configure:2397: checking whether build environment is sane
configure:2452: result: yes
configure:2511: checking for arm-linux-androideabi-strip
configure:2527: found /home/spykid/sdm/ndk/toolchains/arm-linux-androideabi-4.7/prebuilt/linux-x86_64/bin/arm-linux-androideabi-strip
configure:2538: result: arm-linux-androideabi-strip
configure:2603: checking for a thread-safe mkdir -p
configure:2642: result: /bin/mkdir -p
configure:2649: checking for gawk
configure:2679: result: no
configure:2649: checking for mawk
configure:2665: found /usr/bin/mawk
configure:2676: result: mawk
configure:2687: checking whether make sets $(MAKE)
configure:2709: result: yes
configure:2738: checking whether make supports nested variables
configure:2755: result: yes
configure:2902: checking build system type
configure:2916: result: x86_64-unknown-linux-gnu
configure:2936: checking host system type
configure:2949: result: arm-unknown-linux-androideabi
configure:2990: checking how to print strings
configure:3017: result: printf
configure:3050: checking for style of include used by make
configure:3078: result: GNU
configure:3109: checking for arm-linux-androideabi-gcc
configure:3136: result: arm-linux-androideabi-gcc
configure:3405: checking for C compiler version
configure:3414: arm-linux-androideabi-gcc --version >&5
arm-linux-androideabi-gcc (GCC) 4.7
Copyright (C) 2012 Free Software Foundation, Inc.
This is free software; see the source for copying conditions.  There is NO
warranty; not even for MERCHANTABILITY or FITNESS FOR A PARTICULAR PURPOSE.

configure:3425: $? = 0
configure:3414: arm-linux-androideabi-gcc -v >&5
Using built-in specs.
COLLECT_GCC=arm-linux-androideabi-gcc
COLLECT_LTO_WRAPPER=/home/spykid/sdm/ndk/toolchains/arm-linux-androideabi-4.7/prebuilt/linux-x86_64/bin/../libexec/gcc/arm-linux-androideabi/4.7/lto-wrapper
Target: arm-linux-androideabi
Configured with: /s/ndk-toolchain/src/build/../gcc/gcc-4.7/configure --prefix=/tmp/ndk-andrewhsieh/build/toolchain/prefix --target=arm-linux-androideabi --host=x86_64-linux-gnu --build=x86_64-linux-gnu --with-gnu-as --with-gnu-ld --enable-languages=c,c++ --with-gmp=/tmp/ndk-andrewhsieh/build/toolchain/temp-install --with-mpfr=/tmp/ndk-andrewhsieh/build/toolchain/temp-install --with-mpc=/tmp/ndk-andrewhsieh/build/toolchain/temp-install --with-cloog=/tmp/ndk-andrewhsieh/build/toolchain/temp-install --with-ppl=/tmp/ndk-andrewhsieh/build/toolchain/temp-install --disable-ppl-version-check --disable-cloog-version-check --enable-cloog-backend=isl --with-host-libstdcxx='-static-libgcc -Wl,-Bstatic,-lstdc++,-Bdynamic -lm' --disable-libssp --enable-threads --disable-nls --disable-libmudflap --disable-libgomp --disable-libstdc__-v3 --disable-sjlj-exceptions --disable-shared --disable-tls --disable-libitm --with-float=soft --with-fpu=vfp --with-arch=armv5te --enable-target-optspace --enable-initfini-array --disable-nls --prefix=/tmp/ndk-andrewhsieh/build/toolchain/prefix --with-sysroot=/tmp/ndk-andrewhsieh/build/toolchain/prefix/sysroot --with-binutils-version=2.22 --with-mpfr-version=3.1.1 --with-mpc-version=1.0.1 --with-gmp-version=5.0.5 --with-gcc-version=4.7 --with-gdb-version=7.3.x --with-gxx-include-dir=/tmp/ndk-andrewhsieh/build/toolchain/prefix/include/c++/4.7 --with-bugurl=http://source.android.com/source/report-bugs.html --disable-bootstrap --disable-libquadmath --enable-plugins --enable-libgomp --enable-gold --enable-graphite=yes --with-cloog-version=0.17.0 --with-ppl-version=1.0 --with-arch=armv5te --program-transform-name='s&^&arm-linux-androideabi-&' --enable-gold=default
Thread model: posix
gcc version 4.7 (GCC) 
configure:3425: $? = 0
configure:3414: arm-linux-androideabi-gcc -V >&5
arm-linux-androideabi-gcc: error: unrecognized command line option '-V'
arm-linux-androideabi-gcc: fatal error: no input files
compilation terminated.
configure:3425: $? = 1
configure:3414: arm-linux-androideabi-gcc -qversion >&5
arm-linux-androideabi-gcc: error: unrecognized command line option '-qversion'
arm-linux-androideabi-gcc: fatal error: no input files
compilation terminated.
configure:3425: $? = 1
configure:3445: checking whether the C compiler works
configure:3467: arm-linux-androideabi-gcc --sysroot=/home/spykid/sdm/ndk/platforms/android-8/arch-arm/   conftest.c  >&5
configure:3471: $? = 0
configure:3519: result: yes
configure:3522: checking for C compiler default output file name
configure:3524: result: a.out
configure:3530: checking for suffix of executables
configure:3537: arm-linux-androideabi-gcc -o conftest --sysroot=/home/spykid/sdm/ndk/platforms/android-8/arch-arm/   conftest.c  >&5
configure:3541: $? = 0
configure:3563: result: 
configure:3585: checking whether we are cross compiling
configure:3593: arm-linux-androideabi-gcc -o conftest --sysroot=/home/spykid/sdm/ndk/platforms/android-8/arch-arm/   conftest.c  >&5
configure:3597: $? = 0
configure:3604: ./conftest
./configure: line 3606: ./conftest: cannot execute binary file: Exec format error
configure:3608: $? = 126
configure:3623: result: yes
configure:3628: checking for suffix of object files
configure:3650: arm-linux-androideabi-gcc -c --sysroot=/home/spykid/sdm/ndk/platforms/android-8/arch-arm/  conftest.c >&5
configure:3654: $? = 0
configure:3675: result: o
configure:3679: checking whether we are using the GNU C compiler
configure:3698: arm-linux-androideabi-gcc -c --sysroot=/home/spykid/sdm/ndk/platforms/android-8/arch-arm/  conftest.c >&5
configure:3698: $? = 0
configure:3707: result: yes
configure:3716: checking whether arm-linux-androideabi-gcc accepts -g
configure:3736: arm-linux-androideabi-gcc -c -g  conftest.c >&5
configure:3736: $? = 0
configure:3777: result: yes
configure:3794: checking for arm-linux-androideabi-gcc option to accept ISO C89
configure:3857: arm-linux-androideabi-gcc  -c --sysroot=/home/spykid/sdm/ndk/platforms/android-8/arch-arm/  conftest.c >&5
configure:3857: $? = 0
configure:3870: result: none needed
configure:3895: checking whether arm-linux-androideabi-gcc understands -c and -o together
configure:3917: arm-linux-androideabi-gcc -c conftest.c -o conftest2.o
configure:3920: $? = 0
configure:3917: arm-linux-androideabi-gcc -c conftest.c -o conftest2.o
configure:3920: $? = 0
configure:3932: result: yes
configure:3951: checking dependency style of arm-linux-androideabi-gcc
configure:4062: result: gcc3
configure:4077: checking for a sed that does not truncate output
configure:4141: result: /bin/sed
configure:4159: checking for grep that handles long lines and -e
configure:4217: result: /bin/grep
configure:4222: checking for egrep
configure:4284: result: /bin/grep -E
configure:4289: checking for fgrep
configure:4351: result: /bin/grep -F
configure:4386: checking for ld used by arm-linux-androideabi-gcc
configure:4453: result: arm-linux-androideabi-ld
configure:4460: checking if the linker (arm-linux-androideabi-ld) is GNU ld
configure:4475: result: yes
configure:4487: checking for BSD- or MS-compatible name lister (nm)
configure:4536: result: /home/spykid/sdm/ndk/toolchains/arm-linux-androideabi-4.7/prebuilt/linux-x86_64/bin/arm-linux-androideabi-nm -B
configure:4666: checking the name lister (/home/spykid/sdm/ndk/toolchains/arm-linux-androideabi-4.7/prebuilt/linux-x86_64/bin/arm-linux-androideabi-nm -B) interface
configure:4673: arm-linux-androideabi-gcc -c --sysroot=/home/spykid/sdm/ndk/platforms/android-8/arch-arm/  conftest.c >&5
configure:4676: /home/spykid/sdm/ndk/toolchains/arm-linux-androideabi-4.7/prebuilt/linux-x86_64/bin/arm-linux-androideabi-nm -B "conftest.o"
configure:4679: output
00000000 B some_variable
configure:4686: result: BSD nm
configure:4689: checking whether ln -s works
configure:4693: result: yes
configure:4701: checking the maximum length of command line arguments
configure:4832: result: 1572864
configure:4849: checking whether the shell understands some XSI constructs
configure:4859: result: yes
configure:4863: checking whether the shell understands "+="
configure:4869: result: yes
configure:4904: checking how to convert x86_64-unknown-linux-gnu file names to arm-unknown-linux-androideabi format
configure:4944: result: func_convert_file_noop
configure:4951: checking how to convert x86_64-unknown-linux-gnu file names to toolchain format
configure:4971: result: func_convert_file_noop
configure:4978: checking for arm-linux-androideabi-ld option to reload object files
configure:4985: result: -r
configure:5019: checking for arm-linux-androideabi-objdump
configure:5035: found /home/spykid/sdm/ndk/toolchains/arm-linux-androideabi-4.7/prebuilt/linux-x86_64/bin/arm-linux-androideabi-objdump
configure:5046: result: arm-linux-androideabi-objdump
configure:5118: checking how to recognize dependent libraries
configure:5316: result: pass_all
configure:5361: checking for arm-linux-androideabi-dlltool
configure:5391: result: no
configure:5401: checking for dlltool
configure:5431: result: no
configure:5461: checking how to associate runtime and link libraries
configure:5488: result: printf %s\n
configure:5505: checking for arm-linux-androideabi-ar
configure:5521: found /home/spykid/sdm/ndk/toolchains/arm-linux-androideabi-4.7/prebuilt/linux-x86_64/bin/arm-linux-androideabi-ar
configure:5532: result: arm-linux-androideabi-ar
configure:5613: checking for archiver @FILE support
configure:5630: arm-linux-androideabi-gcc -c --sysroot=/home/spykid/sdm/ndk/platforms/android-8/arch-arm/  conftest.c >&5
configure:5630: $? = 0
configure:5633: arm-linux-androideabi-ar cru libconftest.a @conftest.lst >&5
configure:5636: $? = 0
configure:5641: arm-linux-androideabi-ar cru libconftest.a @conftest.lst >&5
arm-linux-androideabi-ar: conftest.o: No such file or directory
configure:5644: $? = 1
configure:5656: result: @
configure:5674: checking for arm-linux-androideabi-strip
configure:5701: result: arm-linux-androideabi-strip
configure:5773: checking for arm-linux-androideabi-ranlib
configure:5789: found /home/spykid/sdm/ndk/toolchains/arm-linux-androideabi-4.7/prebuilt/linux-x86_64/bin/arm-linux-androideabi-ranlib
configure:5800: result: arm-linux-androideabi-ranlib
configure:5942: checking command to parse /home/spykid/sdm/ndk/toolchains/arm-linux-androideabi-4.7/prebuilt/linux-x86_64/bin/arm-linux-androideabi-nm -B output from arm-linux-androideabi-gcc object
configure:6062: arm-linux-androideabi-gcc -c --sysroot=/home/spykid/sdm/ndk/platforms/android-8/arch-arm/  conftest.c >&5
configure:6065: $? = 0
configure:6069: /home/spykid/sdm/ndk/toolchains/arm-linux-androideabi-4.7/prebuilt/linux-x86_64/bin/arm-linux-androideabi-nm -B conftest.o \| sed -n -e 's/^.*[ ]\([ABCDGIRSTW][ABCDGIRSTW]*\)[ ][ ]*\([_A-Za-z][_A-Za-z0-9]*\)$/\1 \2 \2/p' | sed '/ __gnu_lto/d' \> conftest.nm
configure:6072: $? = 0
configure:6138: arm-linux-androideabi-gcc -o conftest --sysroot=/home/spykid/sdm/ndk/platforms/android-8/arch-arm/   conftest.c conftstm.o >&5
configure:6141: $? = 0
configure:6179: result: ok
configure:6216: checking for sysroot
configure:6246: result: no
configure:6475: checking for arm-linux-androideabi-mt
configure:6505: result: no
configure:6515: checking for mt
configure:6531: found /bin/mt
configure:6542: result: mt
configure:6554: WARNING: using cross tools not prefixed with host triplet
configure:6565: checking if mt is a manifest tool
configure:6571: mt '-?'
configure:6579: result: no
configure:7221: checking how to run the C preprocessor
configure:7252: arm-linux-androideabi-gcc -E  conftest.c
In file included from /home/spykid/sdm/ndk/toolchains/arm-linux-androideabi-4.7/prebuilt/linux-x86_64/bin/../lib/gcc/arm-linux-androideabi/4.7/include-fixed/syslimits.h:7:0,
                 from /home/spykid/sdm/ndk/toolchains/arm-linux-androideabi-4.7/prebuilt/linux-x86_64/bin/../lib/gcc/arm-linux-androideabi/4.7/include-fixed/limits.h:34,
                 from conftest.c:10:
/home/spykid/sdm/ndk/toolchains/arm-linux-androideabi-4.7/prebuilt/linux-x86_64/bin/../lib/gcc/arm-linux-androideabi/4.7/include-fixed/limits.h:169:61: error: no include path in which to search for limits.h
configure:7252: $? = 1
configure: failed program was:
| /* confdefs.h */
| #define PACKAGE_NAME "libfluid_msg"
| #define PACKAGE_TARNAME "libfluid_msg"
| #define PACKAGE_VERSION "1.0"
| #define PACKAGE_STRING "libfluid_msg 1.0"
| #define PACKAGE_BUGREPORT "ederlf@cpqd.com.br"
| #define PACKAGE_URL "http://www.cpqd.com.br/"
| /* end confdefs.h.  */
| #ifdef __STDC__
| # include <limits.h>
| #else
| # include <assert.h>
| #endif
| 		     Syntax error
configure:7252: arm-linux-androideabi-gcc -E  conftest.c
In file included from /home/spykid/sdm/ndk/toolchains/arm-linux-androideabi-4.7/prebuilt/linux-x86_64/bin/../lib/gcc/arm-linux-androideabi/4.7/include-fixed/syslimits.h:7:0,
                 from /home/spykid/sdm/ndk/toolchains/arm-linux-androideabi-4.7/prebuilt/linux-x86_64/bin/../lib/gcc/arm-linux-androideabi/4.7/include-fixed/limits.h:34,
                 from conftest.c:10:
/home/spykid/sdm/ndk/toolchains/arm-linux-androideabi-4.7/prebuilt/linux-x86_64/bin/../lib/gcc/arm-linux-androideabi/4.7/include-fixed/limits.h:169:61: error: no include path in which to search for limits.h
configure:7252: $? = 1
configure: failed program was:
| /* confdefs.h */
| #define PACKAGE_NAME "libfluid_msg"
| #define PACKAGE_TARNAME "libfluid_msg"
| #define PACKAGE_VERSION "1.0"
| #define PACKAGE_STRING "libfluid_msg 1.0"
| #define PACKAGE_BUGREPORT "ederlf@cpqd.com.br"
| #define PACKAGE_URL "http://www.cpqd.com.br/"
| /* end confdefs.h.  */
| #ifdef __STDC__
| # include <limits.h>
| #else
| # include <assert.h>
| #endif
| 		     Syntax error
configure:7252: arm-linux-androideabi-gcc -E -traditional-cpp  conftest.c
conftest.c:12:0: fatal error: assert.h: No such file or directory
compilation terminated.
configure:7252: $? = 1
configure: failed program was:
| /* confdefs.h */
| #define PACKAGE_NAME "libfluid_msg"
| #define PACKAGE_TARNAME "libfluid_msg"
| #define PACKAGE_VERSION "1.0"
| #define PACKAGE_STRING "libfluid_msg 1.0"
| #define PACKAGE_BUGREPORT "ederlf@cpqd.com.br"
| #define PACKAGE_URL "http://www.cpqd.com.br/"
| /* end confdefs.h.  */
| #ifdef __STDC__
| # include <limits.h>
| #else
| # include <assert.h>
| #endif
| 		     Syntax error
configure:7252: arm-linux-androideabi-gcc -E -traditional-cpp  conftest.c
conftest.c:12:0: fatal error: assert.h: No such file or directory
compilation terminated.
configure:7252: $? = 1
configure: failed program was:
| /* confdefs.h */
| #define PACKAGE_NAME "libfluid_msg"
| #define PACKAGE_TARNAME "libfluid_msg"
| #define PACKAGE_VERSION "1.0"
| #define PACKAGE_STRING "libfluid_msg 1.0"
| #define PACKAGE_BUGREPORT "ederlf@cpqd.com.br"
| #define PACKAGE_URL "http://www.cpqd.com.br/"
| /* end confdefs.h.  */
| #ifdef __STDC__
| # include <limits.h>
| #else
| # include <assert.h>
| #endif
| 		     Syntax error
configure:7252: /lib/cpp  conftest.c
configure:7252: $? = 0
configure:7266: /lib/cpp  conftest.c
conftest.c:9:28: fatal error: ac_nonexistent.h: No such file or directory
 #include <ac_nonexistent.h>
                            ^
compilation terminated.
configure:7266: $? = 1
configure: failed program was:
| /* confdefs.h */
| #define PACKAGE_NAME "libfluid_msg"
| #define PACKAGE_TARNAME "libfluid_msg"
| #define PACKAGE_VERSION "1.0"
| #define PACKAGE_STRING "libfluid_msg 1.0"
| #define PACKAGE_BUGREPORT "ederlf@cpqd.com.br"
| #define PACKAGE_URL "http://www.cpqd.com.br/"
| /* end confdefs.h.  */
| #include <ac_nonexistent.h>
configure:7291: result: /lib/cpp
configure:7311: /lib/cpp  conftest.c
configure:7311: $? = 0
configure:7325: /lib/cpp  conftest.c
conftest.c:9:28: fatal error: ac_nonexistent.h: No such file or directory
 #include <ac_nonexistent.h>
                            ^
compilation terminated.
configure:7325: $? = 1
configure: failed program was:
| /* confdefs.h */
| #define PACKAGE_NAME "libfluid_msg"
| #define PACKAGE_TARNAME "libfluid_msg"
| #define PACKAGE_VERSION "1.0"
| #define PACKAGE_STRING "libfluid_msg 1.0"
| #define PACKAGE_BUGREPORT "ederlf@cpqd.com.br"
| #define PACKAGE_URL "http://www.cpqd.com.br/"
| /* end confdefs.h.  */
| #include <ac_nonexistent.h>
configure:7354: checking for ANSI C header files
configure:7374: arm-linux-androideabi-gcc -c --sysroot=/home/spykid/sdm/ndk/platforms/android-8/arch-arm/  conftest.c >&5
configure:7374: $? = 0
configure:7458: result: yes
configure:7471: checking for sys/types.h
configure:7471: arm-linux-androideabi-gcc -c --sysroot=/home/spykid/sdm/ndk/platforms/android-8/arch-arm/  conftest.c >&5
configure:7471: $? = 0
configure:7471: result: yes
configure:7471: checking for sys/stat.h
configure:7471: arm-linux-androideabi-gcc -c --sysroot=/home/spykid/sdm/ndk/platforms/android-8/arch-arm/  conftest.c >&5
configure:7471: $? = 0
configure:7471: result: yes
configure:7471: checking for stdlib.h
configure:7471: arm-linux-androideabi-gcc -c --sysroot=/home/spykid/sdm/ndk/platforms/android-8/arch-arm/  conftest.c >&5
configure:7471: $? = 0
configure:7471: result: yes
configure:7471: checking for string.h
configure:7471: arm-linux-androideabi-gcc -c --sysroot=/home/spykid/sdm/ndk/platforms/android-8/arch-arm/  conftest.c >&5
configure:7471: $? = 0
configure:7471: result: yes
configure:7471: checking for memory.h
configure:7471: arm-linux-androideabi-gcc -c --sysroot=/home/spykid/sdm/ndk/platforms/android-8/arch-arm/  conftest.c >&5
configure:7471: $? = 0
configure:7471: result: yes
configure:7471: checking for strings.h
configure:7471: arm-linux-androideabi-gcc -c --sysroot=/home/spykid/sdm/ndk/platforms/android-8/arch-arm/  conftest.c >&5
configure:7471: $? = 0
configure:7471: result: yes
configure:7471: checking for inttypes.h
configure:7471: arm-linux-androideabi-gcc -c --sysroot=/home/spykid/sdm/ndk/platforms/android-8/arch-arm/  conftest.c >&5
configure:7471: $? = 0
configure:7471: result: yes
configure:7471: checking for stdint.h
configure:7471: arm-linux-androideabi-gcc -c --sysroot=/home/spykid/sdm/ndk/platforms/android-8/arch-arm/  conftest.c >&5
configure:7471: $? = 0
configure:7471: result: yes
configure:7471: checking for unistd.h
configure:7471: arm-linux-androideabi-gcc -c --sysroot=/home/spykid/sdm/ndk/platforms/android-8/arch-arm/  conftest.c >&5
configure:7471: $? = 0
configure:7471: result: yes
configure:7485: checking for dlfcn.h
configure:7485: arm-linux-androideabi-gcc -c --sysroot=/home/spykid/sdm/ndk/platforms/android-8/arch-arm/  conftest.c >&5
configure:7485: $? = 0
configure:7485: result: yes
configure:7691: checking for objdir
configure:7706: result: .libs
configure:7977: checking if arm-linux-androideabi-gcc supports -fno-rtti -fno-exceptions
configure:7995: arm-linux-androideabi-gcc -c --sysroot=/home/spykid/sdm/ndk/platforms/android-8/arch-arm/  -fno-rtti -fno-exceptions conftest.c >&5
cc1: warning: command line option '-fno-rtti' is valid for C++/ObjC++ but not for C [enabled by default]
configure:7999: $? = 0
configure:8012: result: no
configure:8339: checking for arm-linux-androideabi-gcc option to produce PIC
configure:8346: result: -fPIC -DPIC
configure:8354: checking if arm-linux-androideabi-gcc PIC flag -fPIC -DPIC works
configure:8372: arm-linux-androideabi-gcc -c --sysroot=/home/spykid/sdm/ndk/platforms/android-8/arch-arm/  -fPIC -DPIC -DPIC conftest.c >&5
configure:8376: $? = 0
configure:8389: result: yes
configure:8418: checking if arm-linux-androideabi-gcc static flag -static works
configure:8446: result: yes
configure:8461: checking if arm-linux-androideabi-gcc supports -c -o file.o
configure:8482: arm-linux-androideabi-gcc -c --sysroot=/home/spykid/sdm/ndk/platforms/android-8/arch-arm/  -o out/conftest2.o conftest.c >&5
configure:8486: $? = 0
configure:8508: result: yes
configure:8516: checking if arm-linux-androideabi-gcc supports -c -o file.o
configure:8563: result: yes
configure:8596: checking whether the arm-linux-androideabi-gcc linker (arm-linux-androideabi-ld) supports shared libraries
configure:9753: result: yes
configure:9790: checking whether -lc should be explicitly linked in
configure:9798: arm-linux-androideabi-gcc -c --sysroot=/home/spykid/sdm/ndk/platforms/android-8/arch-arm/  conftest.c >&5
configure:9801: $? = 0
configure:9816: arm-linux-androideabi-gcc -shared  -fPIC -DPIC conftest.o  -v -Wl,-soname -Wl,conftest -o conftest 2\>\&1 \| /bin/grep  -lc  \>/dev/null 2\>\&1
configure:9819: $? = 0
configure:9833: result: no
configure:9993: checking dynamic linker characteristics
configure:10493: arm-linux-androideabi-gcc -o conftest --sysroot=/home/spykid/sdm/ndk/platforms/android-8/arch-arm/   -Wl,-rpath -Wl,/foo conftest.c  >&5
configure:10493: $? = 0
configure:10727: result: GNU/Linux ld.so
configure:10834: checking how to hardcode library paths into programs
configure:10859: result: immediate
configure:11399: checking whether stripping libraries is possible
configure:11404: result: yes
configure:11439: checking if libtool supports shared libraries
configure:11441: result: yes
configure:11444: checking whether to build shared libraries
configure:11465: result: yes
configure:11468: checking whether to build static libraries
configure:11472: result: yes
configure:11623: checking for C++ compiler version
configure:11632: arm-linux-androideabi-g++ --version >&5
arm-linux-androideabi-g++ (GCC) 4.7
Copyright (C) 2012 Free Software Foundation, Inc.
This is free software; see the source for copying conditions.  There is NO
warranty; not even for MERCHANTABILITY or FITNESS FOR A PARTICULAR PURPOSE.

configure:11643: $? = 0
configure:11632: arm-linux-androideabi-g++ -v >&5
Using built-in specs.
COLLECT_GCC=arm-linux-androideabi-g++
COLLECT_LTO_WRAPPER=/home/spykid/sdm/ndk/toolchains/arm-linux-androideabi-4.7/prebuilt/linux-x86_64/bin/../libexec/gcc/arm-linux-androideabi/4.7/lto-wrapper
Target: arm-linux-androideabi
Configured with: /s/ndk-toolchain/src/build/../gcc/gcc-4.7/configure --prefix=/tmp/ndk-andrewhsieh/build/toolchain/prefix --target=arm-linux-androideabi --host=x86_64-linux-gnu --build=x86_64-linux-gnu --with-gnu-as --with-gnu-ld --enable-languages=c,c++ --with-gmp=/tmp/ndk-andrewhsieh/build/toolchain/temp-install --with-mpfr=/tmp/ndk-andrewhsieh/build/toolchain/temp-install --with-mpc=/tmp/ndk-andrewhsieh/build/toolchain/temp-install --with-cloog=/tmp/ndk-andrewhsieh/build/toolchain/temp-install --with-ppl=/tmp/ndk-andrewhsieh/build/toolchain/temp-install --disable-ppl-version-check --disable-cloog-version-check --enable-cloog-backend=isl --with-host-libstdcxx='-static-libgcc -Wl,-Bstatic,-lstdc++,-Bdynamic -lm' --disable-libssp --enable-threads --disable-nls --disable-libmudflap --disable-libgomp --disable-libstdc__-v3 --disable-sjlj-exceptions --disable-shared --disable-tls --disable-libitm --with-float=soft --with-fpu=vfp --with-arch=armv5te --enable-target-optspace --enable-initfini-array --disable-nls --prefix=/tmp/ndk-andrewhsieh/build/toolchain/prefix --with-sysroot=/tmp/ndk-andrewhsieh/build/toolchain/prefix/sysroot --with-binutils-version=2.22 --with-mpfr-version=3.1.1 --with-mpc-version=1.0.1 --with-gmp-version=5.0.5 --with-gcc-version=4.7 --with-gdb-version=7.3.x --with-gxx-include-dir=/tmp/ndk-andrewhsieh/build/toolchain/prefix/include/c++/4.7 --with-bugurl=http://source.android.com/source/report-bugs.html --disable-bootstrap --disable-libquadmath --enable-plugins --enable-libgomp --enable-gold --enable-graphite=yes --with-cloog-version=0.17.0 --with-ppl-version=1.0 --with-arch=armv5te --program-transform-name='s&^&arm-linux-androideabi-&' --enable-gold=default
Thread model: posix
gcc version 4.7 (GCC) 
configure:11643: $? = 0
configure:11632: arm-linux-androideabi-g++ -V >&5
arm-linux-androideabi-g++: error: unrecognized command line option '-V'
arm-linux-androideabi-g++: fatal error: no input files
compilation terminated.
configure:11643: $? = 1
configure:11632: arm-linux-androideabi-g++ -qversion >&5
arm-linux-androideabi-g++: error: unrecognized command line option '-qversion'
arm-linux-androideabi-g++: fatal error: no input files
compilation terminated.
configure:11643: $? = 1
configure:11647: checking whether we are using the GNU C++ compiler
configure:11666: arm-linux-androideabi-g++ -c --sysroot=/home/spykid/sdm/ndk/platforms/android-8/arch-arm/ -I/home/spykid/sdm/ndk/sources/cxx-stl/gnu-libstdc++/4.7/include -I/home/spykid/sdm/ndk/sources/cxx-stl/gnu-libstdc++/4.7/include/backward -I/home/spykid/sdm/ndk/sources/cxx-stl/gnu-libstdc++/4.7/libs/armeabi-v7a/include  conftest.cpp >&5
configure:11666: $? = 0
configure:11675: result: yes
configure:11684: checking whether arm-linux-androideabi-g++ accepts -g
configure:11704: arm-linux-androideabi-g++ -c -g  conftest.cpp >&5
configure:11704: $? = 0
configure:11745: result: yes
configure:11770: checking dependency style of arm-linux-androideabi-g++
configure:11881: result: gcc3
configure:11914: checking how to run the C++ preprocessor
configure:11941: arm-linux-androideabi-g++ -E  conftest.cpp
In file included from /home/spykid/sdm/ndk/toolchains/arm-linux-androideabi-4.7/prebuilt/linux-x86_64/bin/../lib/gcc/arm-linux-androideabi/4.7/include-fixed/syslimits.h:7:0,
                 from /home/spykid/sdm/ndk/toolchains/arm-linux-androideabi-4.7/prebuilt/linux-x86_64/bin/../lib/gcc/arm-linux-androideabi/4.7/include-fixed/limits.h:34,
                 from conftest.cpp:22:
/home/spykid/sdm/ndk/toolchains/arm-linux-androideabi-4.7/prebuilt/linux-x86_64/bin/../lib/gcc/arm-linux-androideabi/4.7/include-fixed/limits.h:169:61: error: no include path in which to search for limits.h
configure:11941: $? = 1
configure: failed program was:
| /* confdefs.h */
| #define PACKAGE_NAME "libfluid_msg"
| #define PACKAGE_TARNAME "libfluid_msg"
| #define PACKAGE_VERSION "1.0"
| #define PACKAGE_STRING "libfluid_msg 1.0"
| #define PACKAGE_BUGREPORT "ederlf@cpqd.com.br"
| #define PACKAGE_URL "http://www.cpqd.com.br/"
| #define STDC_HEADERS 1
| #define HAVE_SYS_TYPES_H 1
| #define HAVE_SYS_STAT_H 1
| #define HAVE_STDLIB_H 1
| #define HAVE_STRING_H 1
| #define HAVE_MEMORY_H 1
| #define HAVE_STRINGS_H 1
| #define HAVE_INTTYPES_H 1
| #define HAVE_STDINT_H 1
| #define HAVE_UNISTD_H 1
| #define HAVE_DLFCN_H 1
| #define LT_OBJDIR ".libs/"
| /* end confdefs.h.  */
| #ifdef __STDC__
| # include <limits.h>
| #else
| # include <assert.h>
| #endif
| 		     Syntax error
configure:11941: arm-linux-androideabi-g++ -E  conftest.cpp
In file included from /home/spykid/sdm/ndk/toolchains/arm-linux-androideabi-4.7/prebuilt/linux-x86_64/bin/../lib/gcc/arm-linux-androideabi/4.7/include-fixed/syslimits.h:7:0,
                 from /home/spykid/sdm/ndk/toolchains/arm-linux-androideabi-4.7/prebuilt/linux-x86_64/bin/../lib/gcc/arm-linux-androideabi/4.7/include-fixed/limits.h:34,
                 from conftest.cpp:22:
/home/spykid/sdm/ndk/toolchains/arm-linux-androideabi-4.7/prebuilt/linux-x86_64/bin/../lib/gcc/arm-linux-androideabi/4.7/include-fixed/limits.h:169:61: error: no include path in which to search for limits.h
configure:11941: $? = 1
configure: failed program was:
| /* confdefs.h */
| #define PACKAGE_NAME "libfluid_msg"
| #define PACKAGE_TARNAME "libfluid_msg"
| #define PACKAGE_VERSION "1.0"
| #define PACKAGE_STRING "libfluid_msg 1.0"
| #define PACKAGE_BUGREPORT "ederlf@cpqd.com.br"
| #define PACKAGE_URL "http://www.cpqd.com.br/"
| #define STDC_HEADERS 1
| #define HAVE_SYS_TYPES_H 1
| #define HAVE_SYS_STAT_H 1
| #define HAVE_STDLIB_H 1
| #define HAVE_STRING_H 1
| #define HAVE_MEMORY_H 1
| #define HAVE_STRINGS_H 1
| #define HAVE_INTTYPES_H 1
| #define HAVE_STDINT_H 1
| #define HAVE_UNISTD_H 1
| #define HAVE_DLFCN_H 1
| #define LT_OBJDIR ".libs/"
| /* end confdefs.h.  */
| #ifdef __STDC__
| # include <limits.h>
| #else
| # include <assert.h>
| #endif
| 		     Syntax error
configure:11941: /lib/cpp  conftest.cpp
configure:11941: $? = 0
configure:11955: /lib/cpp  conftest.cpp
conftest.cpp:21:28: fatal error: ac_nonexistent.h: No such file or directory
 #include <ac_nonexistent.h>
                            ^
compilation terminated.
configure:11955: $? = 1
configure: failed program was:
| /* confdefs.h */
| #define PACKAGE_NAME "libfluid_msg"
| #define PACKAGE_TARNAME "libfluid_msg"
| #define PACKAGE_VERSION "1.0"
| #define PACKAGE_STRING "libfluid_msg 1.0"
| #define PACKAGE_BUGREPORT "ederlf@cpqd.com.br"
| #define PACKAGE_URL "http://www.cpqd.com.br/"
| #define STDC_HEADERS 1
| #define HAVE_SYS_TYPES_H 1
| #define HAVE_SYS_STAT_H 1
| #define HAVE_STDLIB_H 1
| #define HAVE_STRING_H 1
| #define HAVE_MEMORY_H 1
| #define HAVE_STRINGS_H 1
| #define HAVE_INTTYPES_H 1
| #define HAVE_STDINT_H 1
| #define HAVE_UNISTD_H 1
| #define HAVE_DLFCN_H 1
| #define LT_OBJDIR ".libs/"
| /* end confdefs.h.  */
| #include <ac_nonexistent.h>
configure:11980: result: /lib/cpp
configure:12000: /lib/cpp  conftest.cpp
configure:12000: $? = 0
configure:12014: /lib/cpp  conftest.cpp
conftest.cpp:21:28: fatal error: ac_nonexistent.h: No such file or directory
 #include <ac_nonexistent.h>
                            ^
compilation terminated.
configure:12014: $? = 1
configure: failed program was:
| /* confdefs.h */
| #define PACKAGE_NAME "libfluid_msg"
| #define PACKAGE_TARNAME "libfluid_msg"
| #define PACKAGE_VERSION "1.0"
| #define PACKAGE_STRING "libfluid_msg 1.0"
| #define PACKAGE_BUGREPORT "ederlf@cpqd.com.br"
| #define PACKAGE_URL "http://www.cpqd.com.br/"
| #define STDC_HEADERS 1
| #define HAVE_SYS_TYPES_H 1
| #define HAVE_SYS_STAT_H 1
| #define HAVE_STDLIB_H 1
| #define HAVE_STRING_H 1
| #define HAVE_MEMORY_H 1
| #define HAVE_STRINGS_H 1
| #define HAVE_INTTYPES_H 1
| #define HAVE_STDINT_H 1
| #define HAVE_UNISTD_H 1
| #define HAVE_DLFCN_H 1
| #define LT_OBJDIR ".libs/"
| /* end confdefs.h.  */
| #include <ac_nonexistent.h>
configure:12183: checking for ld used by arm-linux-androideabi-g++
configure:12250: result: arm-linux-androideabi-ld
configure:12257: checking if the linker (arm-linux-androideabi-ld) is GNU ld
configure:12272: result: yes
configure:12327: checking whether the arm-linux-androideabi-g++ linker (arm-linux-androideabi-ld) supports shared libraries
configure:13329: result: yes
configure:13365: arm-linux-androideabi-g++ -c --sysroot=/home/spykid/sdm/ndk/platforms/android-8/arch-arm/ -I/home/spykid/sdm/ndk/sources/cxx-stl/gnu-libstdc++/4.7/include -I/home/spykid/sdm/ndk/sources/cxx-stl/gnu-libstdc++/4.7/include/backward -I/home/spykid/sdm/ndk/sources/cxx-stl/gnu-libstdc++/4.7/libs/armeabi-v7a/include  conftest.cpp >&5
configure:13368: $? = 0
configure:13888: checking for arm-linux-androideabi-g++ option to produce PIC
configure:13895: result: -fPIC -DPIC
configure:13903: checking if arm-linux-androideabi-g++ PIC flag -fPIC -DPIC works
configure:13921: arm-linux-androideabi-g++ -c --sysroot=/home/spykid/sdm/ndk/platforms/android-8/arch-arm/ -I/home/spykid/sdm/ndk/sources/cxx-stl/gnu-libstdc++/4.7/include -I/home/spykid/sdm/ndk/sources/cxx-stl/gnu-libstdc++/4.7/include/backward -I/home/spykid/sdm/ndk/sources/cxx-stl/gnu-libstdc++/4.7/libs/armeabi-v7a/include  -fPIC -DPIC -DPIC conftest.cpp >&5
configure:13925: $? = 0
configure:13938: result: yes
configure:13961: checking if arm-linux-androideabi-g++ static flag -static works
configure:13989: result: yes
configure:14001: checking if arm-linux-androideabi-g++ supports -c -o file.o
configure:14022: arm-linux-androideabi-g++ -c --sysroot=/home/spykid/sdm/ndk/platforms/android-8/arch-arm/ -I/home/spykid/sdm/ndk/sources/cxx-stl/gnu-libstdc++/4.7/include -I/home/spykid/sdm/ndk/sources/cxx-stl/gnu-libstdc++/4.7/include/backward -I/home/spykid/sdm/ndk/sources/cxx-stl/gnu-libstdc++/4.7/libs/armeabi-v7a/include  -o out/conftest2.o conftest.cpp >&5
configure:14026: $? = 0
configure:14048: result: yes
configure:14053: checking if arm-linux-androideabi-g++ supports -c -o file.o
configure:14100: result: yes
configure:14130: checking whether the arm-linux-androideabi-g++ linker (arm-linux-androideabi-ld) supports shared libraries
configure:14169: result: yes
configure:14310: checking dynamic linker characteristics
configure:14978: result: GNU/Linux ld.so
configure:15031: checking how to hardcode library paths into programs
configure:15056: result: immediate
configure:15273: checking for the pthreads library -lpthreads
configure:15306: arm-linux-androideabi-gcc -o conftest --sysroot=/home/spykid/sdm/ndk/platforms/android-8/arch-arm/    conftest.c -lpthreads  >&5
/home/spykid/sdm/ndk/toolchains/arm-linux-androideabi-4.7/prebuilt/linux-x86_64/bin/../lib/gcc/arm-linux-androideabi/4.7/../../../../arm-linux-androideabi/bin/ld: error: cannot find -lpthreads
collect2: error: ld returned 1 exit status
configure:15306: $? = 1
configure: failed program was:
| /* confdefs.h */
| #define PACKAGE_NAME "libfluid_msg"
| #define PACKAGE_TARNAME "libfluid_msg"
| #define PACKAGE_VERSION "1.0"
| #define PACKAGE_STRING "libfluid_msg 1.0"
| #define PACKAGE_BUGREPORT "ederlf@cpqd.com.br"
| #define PACKAGE_URL "http://www.cpqd.com.br/"
| #define STDC_HEADERS 1
| #define HAVE_SYS_TYPES_H 1
| #define HAVE_SYS_STAT_H 1
| #define HAVE_STDLIB_H 1
| #define HAVE_STRING_H 1
| #define HAVE_MEMORY_H 1
| #define HAVE_STRINGS_H 1
| #define HAVE_INTTYPES_H 1
| #define HAVE_STDINT_H 1
| #define HAVE_UNISTD_H 1
| #define HAVE_DLFCN_H 1
| #define LT_OBJDIR ".libs/"
| /* end confdefs.h.  */
| #include <pthread.h>
| int
| main ()
| {
| pthread_t th; pthread_join(th, 0);
|                      pthread_attr_init(0); pthread_cleanup_push(0, 0);
|                      pthread_create(0,0,0,0); pthread_cleanup_pop(0);
|   ;
|   return 0;
| }
configure:15315: result: no
configure:15218: checking whether pthreads work without any flags
configure:15306: arm-linux-androideabi-gcc -o conftest --sysroot=/home/spykid/sdm/ndk/platforms/android-8/arch-arm/    conftest.c   >&5
configure:15306: $? = 0
configure:15315: result: yes
configure:15334: checking for joinable pthread attribute
configure:15349: arm-linux-androideabi-gcc -o conftest --sysroot=/home/spykid/sdm/ndk/platforms/android-8/arch-arm/    conftest.c   >&5
configure:15349: $? = 0
configure:15355: result: PTHREAD_CREATE_JOINABLE
configure:15365: checking if more special flags are required for pthreads
configure:15372: result: no
configure:15475: checking for python
configure:15491: found /usr/bin/python
configure:15503: result: yes
configure:15650: checking that generated files are newer than configure
configure:15656: result: done
configure:15683: creating ./config.status

## ---------------------- ##
## Running config.status. ##
## ---------------------- ##

This file was extended by libfluid_msg config.status 1.0, which was
generated by GNU Autoconf 2.69.  Invocation command line was

  CONFIG_FILES    = 
  CONFIG_HEADERS  = 
  CONFIG_LINKS    = 
  CONFIG_COMMANDS = 
  $ ./config.status 

on sasha

config.status:1155: creating Makefile
config.status:1155: creating libfluid_msg.pc
config.status:1155: creating config.h
config.status:1384: executing depfiles commands
config.status:1384: executing libtool commands
configure:18192: result:
Configure Information:
  C Compiler        : arm-linux-androideabi-gcc
    DEFS            :   -DHAVE_CONFIG_H
    CPPFLAGS        :   
    CFLAGS          :   --sysroot=/home/spykid/sdm/ndk/platforms/android-8/arch-arm/

  C++ Compiler      : arm-linux-androideabi-g++
    DEFS            :   -DHAVE_CONFIG_H
    CPPFLAGS        :   
    CXXFLAGS        :   --sysroot=/home/spykid/sdm/ndk/platforms/android-8/arch-arm/ -I/home/spykid/sdm/ndk/sources/cxx-stl/gnu-libstdc++/4.7/include -I/home/spykid/sdm/ndk/sources/cxx-stl/gnu-libstdc++/4.7/include/backward -I/home/spykid/sdm/ndk/sources/cxx-stl/gnu-libstdc++/4.7/libs/armeabi-v7a/include

  Linker            : arm-linux-androideabi-ld
    LDFLAGS         :   
    LIBS            :   

  Coding Style Checks   : yes


## ---------------- ##
## Cache variables. ##
## ---------------- ##

ac_cv_build=x86_64-unknown-linux-gnu
ac_cv_c_compiler_gnu=yes
ac_cv_cxx_compiler_gnu=yes
ac_cv_env_CCC_set=
ac_cv_env_CCC_value=
ac_cv_env_CC_set=set
ac_cv_env_CC_value=arm-linux-androideabi-gcc
ac_cv_env_CFLAGS_set=set
ac_cv_env_CFLAGS_value=--sysroot=/home/spykid/sdm/ndk/platforms/android-8/arch-arm/
ac_cv_env_CPPFLAGS_set=
ac_cv_env_CPPFLAGS_value=
ac_cv_env_CPP_set=
ac_cv_env_CPP_value=
ac_cv_env_CXXCPP_set=
ac_cv_env_CXXCPP_value=
ac_cv_env_CXXFLAGS_set=set
ac_cv_env_CXXFLAGS_value='--sysroot=/home/spykid/sdm/ndk/platforms/android-8/arch-arm/ -I/home/spykid/sdm/ndk/sources/cxx-stl/gnu-libstdc++/4.7/include -I/home/spykid/sdm/ndk/sources/cxx-stl/gnu-libstdc++/4.7/include/backward -I/home/spykid/sdm/ndk/sources/cxx-stl/gnu-libstdc++/4.7/libs/armeabi-v7a/include'
ac_cv_env_CXX_set=set
ac_cv_env_CXX_value=arm-linux-androideabi-g++
ac_cv_env_LDFLAGS_set=
ac_cv_env_LDFLAGS_value=
ac_cv_env_LIBS_set=
ac_cv_env_LIBS_value=
ac_cv_env_build_alias_set=
ac_cv_env_build_alias_value=
ac_cv_env_host_alias_set=set
ac_cv_env_host_alias_value=arm-linux-androideabi
ac_cv_env_target_alias_set=
ac_cv_env_target_alias_value=
ac_cv_header_dlfcn_h=yes
ac_cv_header_inttypes_h=yes
ac_cv_header_memory_h=yes
ac_cv_header_stdc=yes
ac_cv_header_stdint_h=yes
ac_cv_header_stdlib_h=yes
ac_cv_header_string_h=yes
ac_cv_header_strings_h=yes
ac_cv_header_sys_stat_h=yes
ac_cv_header_sys_types_h=yes
ac_cv_header_unistd_h=yes
ac_cv_host=arm-unknown-linux-androideabi
ac_cv_objext=o
ac_cv_path_EGREP='/bin/grep -E'
ac_cv_path_FGREP='/bin/grep -F'
ac_cv_path_GREP=/bin/grep
ac_cv_path_SED=/bin/sed
ac_cv_path_install='/usr/bin/install -c'
ac_cv_path_mkdir=/bin/mkdir
ac_cv_prog_AR=arm-linux-androideabi-ar
ac_cv_prog_AWK=mawk
ac_cv_prog_CC=arm-linux-androideabi-gcc
ac_cv_prog_CPP=/lib/cpp
ac_cv_prog_CXXCPP=/lib/cpp
ac_cv_prog_HAVE_PYTHON=yes
ac_cv_prog_OBJDUMP=arm-linux-androideabi-objdump
ac_cv_prog_RANLIB=arm-linux-androideabi-ranlib
ac_cv_prog_STRIP=arm-linux-androideabi-strip
ac_cv_prog_ac_ct_MANIFEST_TOOL=mt
ac_cv_prog_cc_c89=
ac_cv_prog_cc_g=yes
ac_cv_prog_cxx_g=yes
ac_cv_prog_make_make_set=yes
am_cv_CC_dependencies_compiler_type=gcc3
am_cv_CXX_dependencies_compiler_type=gcc3
am_cv_make_support_nested_variables=yes
am_cv_prog_cc_c_o=yes
lt_cv_ar_at_file=@
lt_cv_archive_cmds_need_lc=no
lt_cv_deplibs_check_method=pass_all
lt_cv_file_magic_cmd='$MAGIC_CMD'
lt_cv_file_magic_test_file=
lt_cv_ld_reload_flag=-r
lt_cv_nm_interface='BSD nm'
lt_cv_objdir=.libs
lt_cv_path_LD=arm-linux-androideabi-ld
lt_cv_path_LDCXX=arm-linux-androideabi-ld
lt_cv_path_NM='/home/spykid/sdm/ndk/toolchains/arm-linux-androideabi-4.7/prebuilt/linux-x86_64/bin/arm-linux-androideabi-nm -B'
lt_cv_path_mainfest_tool=no
lt_cv_prog_compiler_c_o=yes
lt_cv_prog_compiler_c_o_CXX=yes
lt_cv_prog_compiler_pic='-fPIC -DPIC'
lt_cv_prog_compiler_pic_CXX='-fPIC -DPIC'
lt_cv_prog_compiler_pic_works=yes
lt_cv_prog_compiler_pic_works_CXX=yes
lt_cv_prog_compiler_rtti_exceptions=no
lt_cv_prog_compiler_static_works=yes
lt_cv_prog_compiler_static_works_CXX=yes
lt_cv_prog_gnu_ld=yes
lt_cv_prog_gnu_ldcxx=yes
lt_cv_sharedlib_from_linklib_cmd='printf %s\n'
lt_cv_shlibpath_overrides_runpath=no
lt_cv_sys_global_symbol_pipe='sed -n -e '\''s/^.*[	 ]\([ABCDGIRSTW][ABCDGIRSTW]*\)[	 ][	 ]*\([_A-Za-z][_A-Za-z0-9]*\)$/\1 \2 \2/p'\'' | sed '\''/ __gnu_lto/d'\'''
lt_cv_sys_global_symbol_to_c_name_address='sed -n -e '\''s/^: \([^ ]*\)[ ]*$/  {\"\1\", (void *) 0},/p'\'' -e '\''s/^[ABCDGIRSTW]* \([^ ]*\) \([^ ]*\)$/  {"\2", (void *) \&\2},/p'\'''
lt_cv_sys_global_symbol_to_c_name_address_lib_prefix='sed -n -e '\''s/^: \([^ ]*\)[ ]*$/  {\"\1\", (void *) 0},/p'\'' -e '\''s/^[ABCDGIRSTW]* \([^ ]*\) \(lib[^ ]*\)$/  {"\2", (void *) \&\2},/p'\'' -e '\''s/^[ABCDGIRSTW]* \([^ ]*\) \([^ ]*\)$/  {"lib\2", (void *) \&\2},/p'\'''
lt_cv_sys_global_symbol_to_cdecl='sed -n -e '\''s/^T .* \(.*\)$/extern int \1();/p'\'' -e '\''s/^[ABCDGIRSTW]* .* \(.*\)$/extern char \1;/p'\'''
lt_cv_sys_max_cmd_len=1572864
lt_cv_to_host_file_cmd=func_convert_file_noop
lt_cv_to_tool_file_cmd=func_convert_file_noop

## ----------------- ##
## Output variables. ##
## ----------------- ##

ACLOCAL='${SHELL} /home/spykid/libfluid/examples/android/jni/libfluid_msg/build-aux/missing aclocal-1.14'
AMDEPBACKSLASH='\'
AMDEP_FALSE='#'
AMDEP_TRUE=''
AMTAR='$${TAR-tar}'
AM_BACKSLASH='\'
AM_DEFAULT_V='$(AM_DEFAULT_VERBOSITY)'
AM_DEFAULT_VERBOSITY='1'
AM_V='$(V)'
AR='arm-linux-androideabi-ar'
AUTOCONF='${SHELL} /home/spykid/libfluid/examples/android/jni/libfluid_msg/build-aux/missing autoconf'
AUTOHEADER='${SHELL} /home/spykid/libfluid/examples/android/jni/libfluid_msg/build-aux/missing autoheader'
AUTOMAKE='${SHELL} /home/spykid/libfluid/examples/android/jni/libfluid_msg/build-aux/missing automake-1.14'
AWK='mawk'
CC='arm-linux-androideabi-gcc'
CCDEPMODE='depmode=gcc3'
CFLAGS='--sysroot=/home/spykid/sdm/ndk/platforms/android-8/arch-arm/'
CPP='/lib/cpp'
CPPFLAGS=''
CXX='arm-linux-androideabi-g++'
CXXCPP='/lib/cpp'
CXXDEPMODE='depmode=gcc3'
CXXFLAGS='--sysroot=/home/spykid/sdm/ndk/platforms/android-8/arch-arm/ -I/home/spykid/sdm/ndk/sources/cxx-stl/gnu-libstdc++/4.7/include -I/home/spykid/sdm/ndk/sources/cxx-stl/gnu-libstdc++/4.7/include/backward -I/home/spykid/sdm/ndk/sources/cxx-stl/gnu-libstdc++/4.7/libs/armeabi-v7a/include'
CYGPATH_W='echo'
DEFS='-DHAVE_CONFIG_H'
DEPDIR='.deps'
DLLTOOL='false'
DSYMUTIL=''
DUMPBIN=''
ECHO_C=''
ECHO_N='-n'
ECHO_T=''
EGREP='/bin/grep -E'
EXEEXT=''
FGREP='/bin/grep -F'
GREP='/bin/grep'
GTEST_CPPFLAGS='-DGTEST_HAS_PTHREAD=1 -I$(top_srcdir)/test/lib/gmock'
GTEST_CXXFLAGS=''
GTEST_LDFLAGS='-L$(top_builddir)/test/lib/gmock'
GTEST_LIBS=''
GTEST_VERSION='1.6.0'
HAVE_PYTHON='yes'
INSTALL_DATA='${INSTALL} -m 644'
INSTALL_PROGRAM='${INSTALL}'
INSTALL_SCRIPT='${INSTALL}'
INSTALL_STRIP_PROGRAM='$(install_sh) -c -s'
LD='arm-linux-androideabi-ld'
LDFLAGS=''
LIBFLUID_MSG_SO_VERSION='0:0:0'
LIBOBJS=''
LIBS=''
LIBTOOL='$(SHELL) $(top_builddir)/libtool'
LIPO=''
LN_S='ln -s'
LTLIBOBJS=''
MAKEINFO='${SHELL} /home/spykid/libfluid/examples/android/jni/libfluid_msg/build-aux/missing makeinfo'
MANIFEST_TOOL=':'
MKDIR_P='/bin/mkdir -p'
NM='/home/spykid/sdm/ndk/toolchains/arm-linux-androideabi-4.7/prebuilt/linux-x86_64/bin/arm-linux-androideabi-nm -B'
NMEDIT=''
OBJDUMP='arm-linux-androideabi-objdump'
OBJEXT='o'
OTOOL64=''
OTOOL=''
PACKAGE='libfluid_msg'
PACKAGE_BUGREPORT='ederlf@cpqd.com.br'
PACKAGE_NAME='libfluid_msg'
PACKAGE_STRING='libfluid_msg 1.0'
PACKAGE_TARNAME='libfluid_msg'
PACKAGE_URL='http://www.cpqd.com.br/'
PACKAGE_VERSION='1.0'
PATH_SEPARATOR=':'
PTHREAD_CC='arm-linux-androideabi-gcc'
PTHREAD_CFLAGS=''
PTHREAD_LIBS=''
RANLIB='arm-linux-androideabi-ranlib'
SED='/bin/sed'
SET_MAKE=''
SHELL='/bin/bash'
STRIP='arm-linux-androideabi-strip'
VERSION='1.0'
ac_ct_AR=''
ac_ct_CC=''
ac_ct_CXX=''
ac_ct_DUMPBIN=''
acx_pthread_config=''
am__EXEEXT_FALSE=''
am__EXEEXT_TRUE='#'
am__fastdepCC_FALSE='#'
am__fastdepCC_TRUE=''
am__fastdepCXX_FALSE='#'
am__fastdepCXX_TRUE=''
am__include='include'
am__isrc=''
am__leading_dot='.'
am__nodep='_no'
am__quote=''
am__tar='$${TAR-tar} chof - "$$tardir"'
am__untar='$${TAR-tar} xf -'
bindir='${exec_prefix}/bin'
build='x86_64-unknown-linux-gnu'
build_alias=''
build_cpu='x86_64'
build_os='linux-gnu'
build_vendor='unknown'
datadir='${datarootdir}'
datarootdir='${prefix}/share'
docdir='${datarootdir}/doc/${PACKAGE_TARNAME}'
dvidir='${docdir}'
exec_prefix='${prefix}'
host='arm-unknown-linux-androideabi'
host_alias='arm-linux-androideabi'
host_cpu='arm'
host_os='linux-androideabi'
host_vendor='unknown'
htmldir='${docdir}'
includedir='${prefix}/include'
infodir='${datarootdir}/info'
install_sh='${SHELL} /home/spykid/libfluid/examples/android/jni/libfluid_msg/build-aux/install-sh'
libdir='${exec_prefix}/lib'
libexecdir='${exec_prefix}/libexec'
localedir='${datarootdir}/locale'
localstatedir='${prefix}/var'
mandir='${datarootdir}/man'
mkdir_p='$(MKDIR_P)'
oldincludedir='/usr/include'
pdfdir='${docdir}'
prefix='/usr/local'
program_transform_name='s,x,x,'
psdir='${docdir}'
sbindir='${exec_prefix}/sbin'
sharedstatedir='${prefix}/com'
sysconfdir='${prefix}/etc'
target_alias=''

## ----------- ##
## confdefs.h. ##
## ----------- ##

/* confdefs.h */
#define PACKAGE_NAME "libfluid_msg"
#define PACKAGE_TARNAME "libfluid_msg"
#define PACKAGE_VERSION "1.0"
#define PACKAGE_STRING "libfluid_msg 1.0"
#define PACKAGE_BUGREPORT "ederlf@cpqd.com.br"
#define PACKAGE_URL "http://www.cpqd.com.br/"
#define STDC_HEADERS 1
#define HAVE_SYS_TYPES_H 1
#define HAVE_SYS_STAT_H 1
#define HAVE_STDLIB_H 1
#define HAVE_STRING_H 1
#define HAVE_MEMORY_H 1
#define HAVE_STRINGS_H 1
#define HAVE_INTTYPES_H 1
#define HAVE_STDINT_H 1
#define HAVE_UNISTD_H 1
#define HAVE_DLFCN_H 1
#define LT_OBJDIR ".libs/"

configure: exit 0

## ---------------------- ##
## Running config.status. ##
## ---------------------- ##

This file was extended by libfluid_msg config.status 1.0, which was
generated by GNU Autoconf 2.69.  Invocation command line was

  CONFIG_FILES    = 
  CONFIG_HEADERS  = 
  CONFIG_LINKS    = 
  CONFIG_COMMANDS = 
  $ ./config.status config.h

on sasha

config.status:1155: creating config.h
config.status:1336: config.h is unchanged
