This file contains any messages produced by compilers while
running configure, to aid debugging if configure makes a mistake.

It was created by libfluid_base configure 1.0, which was
generated by GNU Autoconf 2.69.  Invocation command line was

  $ ./configure --host=arm-linux-androideabi --disable-tls CXX=arm-linux-androideabi-g++ LD=arm-linux-androideabi-ld CXXFLAGS=--sysroot=/home/spykid/sdm/ndk/platforms/android-8/arch-arm/ -I../libevent/include -L/home/spykid/libfluid/examples/android/jni/libfluid_base/../libevent -I/home/spykid/sdm/ndk/sources/cxx-stl/gnu-libstdc++/4.7/include -I/home/spykid/sdm/ndk/sources/cxx-stl/gnu-libstdc++/4.7/include/backward -I/home/spykid/sdm/ndk/sources/cxx-stl/gnu-libstdc++/4.7/libs/armeabi-v7a/include

## --------- ##
## Platform. ##
## --------- ##

hostname = sasha
uname -m = x86_64
uname -r = 3.19.0-30-generic
uname -s = Linux
uname -v = #33~14.04.1-Ubuntu SMP Tue Sep 22 09:27:00 UTC 2015

/usr/bin/uname -p = unknown
/bin/uname -X     = unknown

/bin/arch              = unknown
/usr/bin/arch -k       = unknown
/usr/convex/getsysinfo = unknown
/usr/bin/hostinfo      = unknown
/bin/machine           = unknown
/usr/bin/oslevel       = unknown
/bin/universe          = unknown

PATH: /usr/local/sbin
PATH: /usr/local/bin
PATH: /usr/sbin
PATH: /usr/bin
PATH: /sbin
PATH: /bin
PATH: /home/spykid/sdm/ndk/toolchains/arm-linux-androideabi-4.7/prebuilt/linux-x86_64/bin
PATH: /home/spykid/sdm/ndk/toolchains/arm-linux-androideabi-4.7/prebuilt/linux-x86_64/include


## ----------- ##
## Core tests. ##
## ----------- ##

configure:2335: checking for a BSD-compatible install
configure:2403: result: /usr/bin/install -c
configure:2414: checking whether build environment is sane
configure:2469: result: yes
configure:2528: checking for arm-linux-androideabi-strip
configure:2544: found /home/spykid/sdm/ndk/toolchains/arm-linux-androideabi-4.7/prebuilt/linux-x86_64/bin/arm-linux-androideabi-strip
configure:2555: result: arm-linux-androideabi-strip
configure:2620: checking for a thread-safe mkdir -p
configure:2659: result: /bin/mkdir -p
configure:2666: checking for gawk
configure:2696: result: no
configure:2666: checking for mawk
configure:2682: found /usr/bin/mawk
configure:2693: result: mawk
configure:2704: checking whether make sets $(MAKE)
configure:2726: result: yes
configure:2755: checking whether make supports nested variables
configure:2772: result: yes
configure:3002: checking for C++ compiler version
configure:3011: arm-linux-androideabi-g++ --version >&5
arm-linux-androideabi-g++ (GCC) 4.7
Copyright (C) 2012 Free Software Foundation, Inc.
This is free software; see the source for copying conditions.  There is NO
warranty; not even for MERCHANTABILITY or FITNESS FOR A PARTICULAR PURPOSE.

configure:3022: $? = 0
configure:3011: arm-linux-androideabi-g++ -v >&5
Using built-in specs.
COLLECT_GCC=arm-linux-androideabi-g++
COLLECT_LTO_WRAPPER=/home/spykid/sdm/ndk/toolchains/arm-linux-androideabi-4.7/prebuilt/linux-x86_64/bin/../libexec/gcc/arm-linux-androideabi/4.7/lto-wrapper
Target: arm-linux-androideabi
Configured with: /s/ndk-toolchain/src/build/../gcc/gcc-4.7/configure --prefix=/tmp/ndk-andrewhsieh/build/toolchain/prefix --target=arm-linux-androideabi --host=x86_64-linux-gnu --build=x86_64-linux-gnu --with-gnu-as --with-gnu-ld --enable-languages=c,c++ --with-gmp=/tmp/ndk-andrewhsieh/build/toolchain/temp-install --with-mpfr=/tmp/ndk-andrewhsieh/build/toolchain/temp-install --with-mpc=/tmp/ndk-andrewhsieh/build/toolchain/temp-install --with-cloog=/tmp/ndk-andrewhsieh/build/toolchain/temp-install --with-ppl=/tmp/ndk-andrewhsieh/build/toolchain/temp-install --disable-ppl-version-check --disable-cloog-version-check --enable-cloog-backend=isl --with-host-libstdcxx='-static-libgcc -Wl,-Bstatic,-lstdc++,-Bdynamic -lm' --disable-libssp --enable-threads --disable-nls --disable-libmudflap --disable-libgomp --disable-libstdc__-v3 --disable-sjlj-exceptions --disable-shared --disable-tls --disable-libitm --with-float=soft --with-fpu=vfp --with-arch=armv5te --enable-target-optspace --enable-initfini-array --disable-nls --prefix=/tmp/ndk-andrewhsieh/build/toolchain/prefix --with-sysroot=/tmp/ndk-andrewhsieh/build/toolchain/prefix/sysroot --with-binutils-version=2.22 --with-mpfr-version=3.1.1 --with-mpc-version=1.0.1 --with-gmp-version=5.0.5 --with-gcc-version=4.7 --with-gdb-version=7.3.x --with-gxx-include-dir=/tmp/ndk-andrewhsieh/build/toolchain/prefix/include/c++/4.7 --with-bugurl=http://source.android.com/source/report-bugs.html --disable-bootstrap --disable-libquadmath --enable-plugins --enable-libgomp --enable-gold --enable-graphite=yes --with-cloog-version=0.17.0 --with-ppl-version=1.0 --with-arch=armv5te --program-transform-name='s&^&arm-linux-androideabi-&' --enable-gold=default
Thread model: posix
gcc version 4.7 (GCC) 
configure:3022: $? = 0
configure:3011: arm-linux-androideabi-g++ -V >&5
arm-linux-androideabi-g++: error: unrecognized command line option '-V'
arm-linux-androideabi-g++: fatal error: no input files
compilation terminated.
configure:3022: $? = 1
configure:3011: arm-linux-androideabi-g++ -qversion >&5
arm-linux-androideabi-g++: error: unrecognized command line option '-qversion'
arm-linux-androideabi-g++: fatal error: no input files
compilation terminated.
configure:3022: $? = 1
configure:3042: checking whether the C++ compiler works
configure:3064: arm-linux-androideabi-g++ --sysroot=/home/spykid/sdm/ndk/platforms/android-8/arch-arm/ -I../libevent/include -L/home/spykid/libfluid/examples/android/jni/libfluid_base/../libevent -I/home/spykid/sdm/ndk/sources/cxx-stl/gnu-libstdc++/4.7/include -I/home/spykid/sdm/ndk/sources/cxx-stl/gnu-libstdc++/4.7/include/backward -I/home/spykid/sdm/ndk/sources/cxx-stl/gnu-libstdc++/4.7/libs/armeabi-v7a/include   conftest.cpp  >&5
configure:3068: $? = 0
configure:3116: result: yes
configure:3119: checking for C++ compiler default output file name
configure:3121: result: a.out
configure:3127: checking for suffix of executables
configure:3134: arm-linux-androideabi-g++ -o conftest --sysroot=/home/spykid/sdm/ndk/platforms/android-8/arch-arm/ -I../libevent/include -L/home/spykid/libfluid/examples/android/jni/libfluid_base/../libevent -I/home/spykid/sdm/ndk/sources/cxx-stl/gnu-libstdc++/4.7/include -I/home/spykid/sdm/ndk/sources/cxx-stl/gnu-libstdc++/4.7/include/backward -I/home/spykid/sdm/ndk/sources/cxx-stl/gnu-libstdc++/4.7/libs/armeabi-v7a/include   conftest.cpp  >&5
configure:3138: $? = 0
configure:3160: result: 
configure:3182: checking whether we are cross compiling
configure:3190: arm-linux-androideabi-g++ -o conftest --sysroot=/home/spykid/sdm/ndk/platforms/android-8/arch-arm/ -I../libevent/include -L/home/spykid/libfluid/examples/android/jni/libfluid_base/../libevent -I/home/spykid/sdm/ndk/sources/cxx-stl/gnu-libstdc++/4.7/include -I/home/spykid/sdm/ndk/sources/cxx-stl/gnu-libstdc++/4.7/include/backward -I/home/spykid/sdm/ndk/sources/cxx-stl/gnu-libstdc++/4.7/libs/armeabi-v7a/include   conftest.cpp  >&5
configure:3194: $? = 0
configure:3201: ./conftest
./configure: line 3203: ./conftest: cannot execute binary file: Exec format error
configure:3205: $? = 126
configure:3220: result: yes
configure:3225: checking for suffix of object files
configure:3247: arm-linux-androideabi-g++ -c --sysroot=/home/spykid/sdm/ndk/platforms/android-8/arch-arm/ -I../libevent/include -L/home/spykid/libfluid/examples/android/jni/libfluid_base/../libevent -I/home/spykid/sdm/ndk/sources/cxx-stl/gnu-libstdc++/4.7/include -I/home/spykid/sdm/ndk/sources/cxx-stl/gnu-libstdc++/4.7/include/backward -I/home/spykid/sdm/ndk/sources/cxx-stl/gnu-libstdc++/4.7/libs/armeabi-v7a/include  conftest.cpp >&5
configure:3251: $? = 0
configure:3272: result: o
configure:3276: checking whether we are using the GNU C++ compiler
configure:3295: arm-linux-androideabi-g++ -c --sysroot=/home/spykid/sdm/ndk/platforms/android-8/arch-arm/ -I../libevent/include -L/home/spykid/libfluid/examples/android/jni/libfluid_base/../libevent -I/home/spykid/sdm/ndk/sources/cxx-stl/gnu-libstdc++/4.7/include -I/home/spykid/sdm/ndk/sources/cxx-stl/gnu-libstdc++/4.7/include/backward -I/home/spykid/sdm/ndk/sources/cxx-stl/gnu-libstdc++/4.7/libs/armeabi-v7a/include  conftest.cpp >&5
configure:3295: $? = 0
configure:3304: result: yes
configure:3313: checking whether arm-linux-androideabi-g++ accepts -g
configure:3333: arm-linux-androideabi-g++ -c -g  conftest.cpp >&5
configure:3333: $? = 0
configure:3374: result: yes
configure:3408: checking for style of include used by make
configure:3436: result: GNU
configure:3462: checking dependency style of arm-linux-androideabi-g++
configure:3573: result: gcc3
configure:3617: checking build system type
configure:3631: result: x86_64-unknown-linux-gnu
configure:3651: checking host system type
configure:3664: result: arm-unknown-linux-androideabi
configure:3705: checking how to print strings
configure:3732: result: printf
configure:3761: checking for arm-linux-androideabi-gcc
configure:3777: found /home/spykid/sdm/ndk/toolchains/arm-linux-androideabi-4.7/prebuilt/linux-x86_64/bin/arm-linux-androideabi-gcc
configure:3788: result: arm-linux-androideabi-gcc
configure:4057: checking for C compiler version
configure:4066: arm-linux-androideabi-gcc --version >&5
arm-linux-androideabi-gcc (GCC) 4.7
Copyright (C) 2012 Free Software Foundation, Inc.
This is free software; see the source for copying conditions.  There is NO
warranty; not even for MERCHANTABILITY or FITNESS FOR A PARTICULAR PURPOSE.

configure:4077: $? = 0
configure:4066: arm-linux-androideabi-gcc -v >&5
Using built-in specs.
COLLECT_GCC=arm-linux-androideabi-gcc
COLLECT_LTO_WRAPPER=/home/spykid/sdm/ndk/toolchains/arm-linux-androideabi-4.7/prebuilt/linux-x86_64/bin/../libexec/gcc/arm-linux-androideabi/4.7/lto-wrapper
Target: arm-linux-androideabi
Configured with: /s/ndk-toolchain/src/build/../gcc/gcc-4.7/configure --prefix=/tmp/ndk-andrewhsieh/build/toolchain/prefix --target=arm-linux-androideabi --host=x86_64-linux-gnu --build=x86_64-linux-gnu --with-gnu-as --with-gnu-ld --enable-languages=c,c++ --with-gmp=/tmp/ndk-andrewhsieh/build/toolchain/temp-install --with-mpfr=/tmp/ndk-andrewhsieh/build/toolchain/temp-install --with-mpc=/tmp/ndk-andrewhsieh/build/toolchain/temp-install --with-cloog=/tmp/ndk-andrewhsieh/build/toolchain/temp-install --with-ppl=/tmp/ndk-andrewhsieh/build/toolchain/temp-install --disable-ppl-version-check --disable-cloog-version-check --enable-cloog-backend=isl --with-host-libstdcxx='-static-libgcc -Wl,-Bstatic,-lstdc++,-Bdynamic -lm' --disable-libssp --enable-threads --disable-nls --disable-libmudflap --disable-libgomp --disable-libstdc__-v3 --disable-sjlj-exceptions --disable-shared --disable-tls --disable-libitm --with-float=soft --with-fpu=vfp --with-arch=armv5te --enable-target-optspace --enable-initfini-array --disable-nls --prefix=/tmp/ndk-andrewhsieh/build/toolchain/prefix --with-sysroot=/tmp/ndk-andrewhsieh/build/toolchain/prefix/sysroot --with-binutils-version=2.22 --with-mpfr-version=3.1.1 --with-mpc-version=1.0.1 --with-gmp-version=5.0.5 --with-gcc-version=4.7 --with-gdb-version=7.3.x --with-gxx-include-dir=/tmp/ndk-andrewhsieh/build/toolchain/prefix/include/c++/4.7 --with-bugurl=http://source.android.com/source/report-bugs.html --disable-bootstrap --disable-libquadmath --enable-plugins --enable-libgomp --enable-gold --enable-graphite=yes --with-cloog-version=0.17.0 --with-ppl-version=1.0 --with-arch=armv5te --program-transform-name='s&^&arm-linux-androideabi-&' --enable-gold=default
Thread model: posix
gcc version 4.7 (GCC) 
configure:4077: $? = 0
configure:4066: arm-linux-androideabi-gcc -V >&5
arm-linux-androideabi-gcc: error: unrecognized command line option '-V'
arm-linux-androideabi-gcc: fatal error: no input files
compilation terminated.
configure:4077: $? = 1
configure:4066: arm-linux-androideabi-gcc -qversion >&5
arm-linux-androideabi-gcc: error: unrecognized command line option '-qversion'
arm-linux-androideabi-gcc: fatal error: no input files
compilation terminated.
configure:4077: $? = 1
configure:4081: checking whether we are using the GNU C compiler
configure:4100: arm-linux-androideabi-gcc -c   conftest.c >&5
configure:4100: $? = 0
configure:4109: result: yes
configure:4118: checking whether arm-linux-androideabi-gcc accepts -g
configure:4138: arm-linux-androideabi-gcc -c -g  conftest.c >&5
configure:4138: $? = 0
configure:4179: result: yes
configure:4196: checking for arm-linux-androideabi-gcc option to accept ISO C89
configure:4259: arm-linux-androideabi-gcc  -c -g -O2  conftest.c >&5
In file included from conftest.c:10:0:
/home/spykid/sdm/ndk/toolchains/arm-linux-androideabi-4.7/prebuilt/linux-x86_64/bin/../lib/gcc/arm-linux-androideabi/4.7/include-fixed/stdio.h:50:23: fatal error: sys/cdefs.h: No such file or directory
compilation terminated.
configure:4259: $? = 1
configure: failed program was:
| /* confdefs.h */
| #define PACKAGE_NAME "libfluid_base"
| #define PACKAGE_TARNAME "libfluid_base"
| #define PACKAGE_VERSION "1.0"
| #define PACKAGE_STRING "libfluid_base 1.0"
| #define PACKAGE_BUGREPORT "allanv@cpqd.com.br"
| #define PACKAGE_URL "http://www.cpqd.com.br/"
| /* end confdefs.h.  */
| #include <stdarg.h>
| #include <stdio.h>
| struct stat;
| /* Most of the following tests are stolen from RCS 5.7's src/conf.sh.  */
| struct buf { int x; };
| FILE * (*rcsopen) (struct buf *, struct stat *, int);
| static char *e (p, i)
|      char **p;
|      int i;
| {
|   return p[i];
| }
| static char *f (char * (*g) (char **, int), char **p, ...)
| {
|   char *s;
|   va_list v;
|   va_start (v,p);
|   s = g (p, va_arg (v,int));
|   va_end (v);
|   return s;
| }
| 
| /* OSF 4.0 Compaq cc is some sort of almost-ANSI by default.  It has
|    function prototypes and stuff, but not '\xHH' hex character constants.
|    These don't provoke an error unfortunately, instead are silently treated
|    as 'x'.  The following induces an error, until -std is added to get
|    proper ANSI mode.  Curiously '\x00'!='x' always comes out true, for an
|    array size at least.  It's necessary to write '\x00'==0 to get something
|    that's true only with -std.  */
| int osf4_cc_array ['\x00' == 0 ? 1 : -1];
| 
| /* IBM C 6 for AIX is almost-ANSI by default, but it replaces macro parameters
|    inside strings and character constants.  */
| #define FOO(x) 'x'
| int xlc6_cc_array[FOO(a) == 'x' ? 1 : -1];
| 
| int test (int i, double x);
| struct s1 {int (*f) (int a);};
| struct s2 {int (*f) (double a);};
| int pairnames (int, char **, FILE *(*)(struct buf *, struct stat *, int), int, int);
| int argc;
| char **argv;
| int
| main ()
| {
| return f (e, argv, 0) != argv[0]  ||  f (e, argv, 1) != argv[1];
|   ;
|   return 0;
| }
configure:4259: arm-linux-androideabi-gcc -qlanglvl=extc89 -c -g -O2  conftest.c >&5
arm-linux-androideabi-gcc: error: unrecognized command line option '-qlanglvl=extc89'
configure:4259: $? = 1
configure: failed program was:
| /* confdefs.h */
| #define PACKAGE_NAME "libfluid_base"
| #define PACKAGE_TARNAME "libfluid_base"
| #define PACKAGE_VERSION "1.0"
| #define PACKAGE_STRING "libfluid_base 1.0"
| #define PACKAGE_BUGREPORT "allanv@cpqd.com.br"
| #define PACKAGE_URL "http://www.cpqd.com.br/"
| /* end confdefs.h.  */
| #include <stdarg.h>
| #include <stdio.h>
| struct stat;
| /* Most of the following tests are stolen from RCS 5.7's src/conf.sh.  */
| struct buf { int x; };
| FILE * (*rcsopen) (struct buf *, struct stat *, int);
| static char *e (p, i)
|      char **p;
|      int i;
| {
|   return p[i];
| }
| static char *f (char * (*g) (char **, int), char **p, ...)
| {
|   char *s;
|   va_list v;
|   va_start (v,p);
|   s = g (p, va_arg (v,int));
|   va_end (v);
|   return s;
| }
| 
| /* OSF 4.0 Compaq cc is some sort of almost-ANSI by default.  It has
|    function prototypes and stuff, but not '\xHH' hex character constants.
|    These don't provoke an error unfortunately, instead are silently treated
|    as 'x'.  The following induces an error, until -std is added to get
|    proper ANSI mode.  Curiously '\x00'!='x' always comes out true, for an
|    array size at least.  It's necessary to write '\x00'==0 to get something
|    that's true only with -std.  */
| int osf4_cc_array ['\x00' == 0 ? 1 : -1];
| 
| /* IBM C 6 for AIX is almost-ANSI by default, but it replaces macro parameters
|    inside strings and character constants.  */
| #define FOO(x) 'x'
| int xlc6_cc_array[FOO(a) == 'x' ? 1 : -1];
| 
| int test (int i, double x);
| struct s1 {int (*f) (int a);};
| struct s2 {int (*f) (double a);};
| int pairnames (int, char **, FILE *(*)(struct buf *, struct stat *, int), int, int);
| int argc;
| char **argv;
| int
| main ()
| {
| return f (e, argv, 0) != argv[0]  ||  f (e, argv, 1) != argv[1];
|   ;
|   return 0;
| }
configure:4259: arm-linux-androideabi-gcc -qlanglvl=ansi -c -g -O2  conftest.c >&5
arm-linux-androideabi-gcc: error: unrecognized command line option '-qlanglvl=ansi'
configure:4259: $? = 1
configure: failed program was:
| /* confdefs.h */
| #define PACKAGE_NAME "libfluid_base"
| #define PACKAGE_TARNAME "libfluid_base"
| #define PACKAGE_VERSION "1.0"
| #define PACKAGE_STRING "libfluid_base 1.0"
| #define PACKAGE_BUGREPORT "allanv@cpqd.com.br"
| #define PACKAGE_URL "http://www.cpqd.com.br/"
| /* end confdefs.h.  */
| #include <stdarg.h>
| #include <stdio.h>
| struct stat;
| /* Most of the following tests are stolen from RCS 5.7's src/conf.sh.  */
| struct buf { int x; };
| FILE * (*rcsopen) (struct buf *, struct stat *, int);
| static char *e (p, i)
|      char **p;
|      int i;
| {
|   return p[i];
| }
| static char *f (char * (*g) (char **, int), char **p, ...)
| {
|   char *s;
|   va_list v;
|   va_start (v,p);
|   s = g (p, va_arg (v,int));
|   va_end (v);
|   return s;
| }
| 
| /* OSF 4.0 Compaq cc is some sort of almost-ANSI by default.  It has
|    function prototypes and stuff, but not '\xHH' hex character constants.
|    These don't provoke an error unfortunately, instead are silently treated
|    as 'x'.  The following induces an error, until -std is added to get
|    proper ANSI mode.  Curiously '\x00'!='x' always comes out true, for an
|    array size at least.  It's necessary to write '\x00'==0 to get something
|    that's true only with -std.  */
| int osf4_cc_array ['\x00' == 0 ? 1 : -1];
| 
| /* IBM C 6 for AIX is almost-ANSI by default, but it replaces macro parameters
|    inside strings and character constants.  */
| #define FOO(x) 'x'
| int xlc6_cc_array[FOO(a) == 'x' ? 1 : -1];
| 
| int test (int i, double x);
| struct s1 {int (*f) (int a);};
| struct s2 {int (*f) (double a);};
| int pairnames (int, char **, FILE *(*)(struct buf *, struct stat *, int), int, int);
| int argc;
| char **argv;
| int
| main ()
| {
| return f (e, argv, 0) != argv[0]  ||  f (e, argv, 1) != argv[1];
|   ;
|   return 0;
| }
configure:4259: arm-linux-androideabi-gcc -std -c -g -O2  conftest.c >&5
arm-linux-androideabi-gcc: error: unrecognized command line option '-std'
configure:4259: $? = 1
configure: failed program was:
| /* confdefs.h */
| #define PACKAGE_NAME "libfluid_base"
| #define PACKAGE_TARNAME "libfluid_base"
| #define PACKAGE_VERSION "1.0"
| #define PACKAGE_STRING "libfluid_base 1.0"
| #define PACKAGE_BUGREPORT "allanv@cpqd.com.br"
| #define PACKAGE_URL "http://www.cpqd.com.br/"
| /* end confdefs.h.  */
| #include <stdarg.h>
| #include <stdio.h>
| struct stat;
| /* Most of the following tests are stolen from RCS 5.7's src/conf.sh.  */
| struct buf { int x; };
| FILE * (*rcsopen) (struct buf *, struct stat *, int);
| static char *e (p, i)
|      char **p;
|      int i;
| {
|   return p[i];
| }
| static char *f (char * (*g) (char **, int), char **p, ...)
| {
|   char *s;
|   va_list v;
|   va_start (v,p);
|   s = g (p, va_arg (v,int));
|   va_end (v);
|   return s;
| }
| 
| /* OSF 4.0 Compaq cc is some sort of almost-ANSI by default.  It has
|    function prototypes and stuff, but not '\xHH' hex character constants.
|    These don't provoke an error unfortunately, instead are silently treated
|    as 'x'.  The following induces an error, until -std is added to get
|    proper ANSI mode.  Curiously '\x00'!='x' always comes out true, for an
|    array size at least.  It's necessary to write '\x00'==0 to get something
|    that's true only with -std.  */
| int osf4_cc_array ['\x00' == 0 ? 1 : -1];
| 
| /* IBM C 6 for AIX is almost-ANSI by default, but it replaces macro parameters
|    inside strings and character constants.  */
| #define FOO(x) 'x'
| int xlc6_cc_array[FOO(a) == 'x' ? 1 : -1];
| 
| int test (int i, double x);
| struct s1 {int (*f) (int a);};
| struct s2 {int (*f) (double a);};
| int pairnames (int, char **, FILE *(*)(struct buf *, struct stat *, int), int, int);
| int argc;
| char **argv;
| int
| main ()
| {
| return f (e, argv, 0) != argv[0]  ||  f (e, argv, 1) != argv[1];
|   ;
|   return 0;
| }
configure:4259: arm-linux-androideabi-gcc -Ae -c -g -O2  conftest.c >&5
<command-line>:0:1: error: missing '(' after predicate
In file included from conftest.c:10:0:
/home/spykid/sdm/ndk/toolchains/arm-linux-androideabi-4.7/prebuilt/linux-x86_64/bin/../lib/gcc/arm-linux-androideabi/4.7/include-fixed/stdio.h:50:23: fatal error: sys/cdefs.h: No such file or directory
compilation terminated.
configure:4259: $? = 1
configure: failed program was:
| /* confdefs.h */
| #define PACKAGE_NAME "libfluid_base"
| #define PACKAGE_TARNAME "libfluid_base"
| #define PACKAGE_VERSION "1.0"
| #define PACKAGE_STRING "libfluid_base 1.0"
| #define PACKAGE_BUGREPORT "allanv@cpqd.com.br"
| #define PACKAGE_URL "http://www.cpqd.com.br/"
| /* end confdefs.h.  */
| #include <stdarg.h>
| #include <stdio.h>
| struct stat;
| /* Most of the following tests are stolen from RCS 5.7's src/conf.sh.  */
| struct buf { int x; };
| FILE * (*rcsopen) (struct buf *, struct stat *, int);
| static char *e (p, i)
|      char **p;
|      int i;
| {
|   return p[i];
| }
| static char *f (char * (*g) (char **, int), char **p, ...)
| {
|   char *s;
|   va_list v;
|   va_start (v,p);
|   s = g (p, va_arg (v,int));
|   va_end (v);
|   return s;
| }
| 
| /* OSF 4.0 Compaq cc is some sort of almost-ANSI by default.  It has
|    function prototypes and stuff, but not '\xHH' hex character constants.
|    These don't provoke an error unfortunately, instead are silently treated
|    as 'x'.  The following induces an error, until -std is added to get
|    proper ANSI mode.  Curiously '\x00'!='x' always comes out true, for an
|    array size at least.  It's necessary to write '\x00'==0 to get something
|    that's true only with -std.  */
| int osf4_cc_array ['\x00' == 0 ? 1 : -1];
| 
| /* IBM C 6 for AIX is almost-ANSI by default, but it replaces macro parameters
|    inside strings and character constants.  */
| #define FOO(x) 'x'
| int xlc6_cc_array[FOO(a) == 'x' ? 1 : -1];
| 
| int test (int i, double x);
| struct s1 {int (*f) (int a);};
| struct s2 {int (*f) (double a);};
| int pairnames (int, char **, FILE *(*)(struct buf *, struct stat *, int), int, int);
| int argc;
| char **argv;
| int
| main ()
| {
| return f (e, argv, 0) != argv[0]  ||  f (e, argv, 1) != argv[1];
|   ;
|   return 0;
| }
configure:4259: arm-linux-androideabi-gcc -Aa -D_HPUX_SOURCE -c -g -O2  conftest.c >&5
<command-line>:0:1: error: missing '(' after predicate
In file included from conftest.c:10:0:
/home/spykid/sdm/ndk/toolchains/arm-linux-androideabi-4.7/prebuilt/linux-x86_64/bin/../lib/gcc/arm-linux-androideabi/4.7/include-fixed/stdio.h:50:23: fatal error: sys/cdefs.h: No such file or directory
compilation terminated.
configure:4259: $? = 1
configure: failed program was:
| /* confdefs.h */
| #define PACKAGE_NAME "libfluid_base"
| #define PACKAGE_TARNAME "libfluid_base"
| #define PACKAGE_VERSION "1.0"
| #define PACKAGE_STRING "libfluid_base 1.0"
| #define PACKAGE_BUGREPORT "allanv@cpqd.com.br"
| #define PACKAGE_URL "http://www.cpqd.com.br/"
| /* end confdefs.h.  */
| #include <stdarg.h>
| #include <stdio.h>
| struct stat;
| /* Most of the following tests are stolen from RCS 5.7's src/conf.sh.  */
| struct buf { int x; };
| FILE * (*rcsopen) (struct buf *, struct stat *, int);
| static char *e (p, i)
|      char **p;
|      int i;
| {
|   return p[i];
| }
| static char *f (char * (*g) (char **, int), char **p, ...)
| {
|   char *s;
|   va_list v;
|   va_start (v,p);
|   s = g (p, va_arg (v,int));
|   va_end (v);
|   return s;
| }
| 
| /* OSF 4.0 Compaq cc is some sort of almost-ANSI by default.  It has
|    function prototypes and stuff, but not '\xHH' hex character constants.
|    These don't provoke an error unfortunately, instead are silently treated
|    as 'x'.  The following induces an error, until -std is added to get
|    proper ANSI mode.  Curiously '\x00'!='x' always comes out true, for an
|    array size at least.  It's necessary to write '\x00'==0 to get something
|    that's true only with -std.  */
| int osf4_cc_array ['\x00' == 0 ? 1 : -1];
| 
| /* IBM C 6 for AIX is almost-ANSI by default, but it replaces macro parameters
|    inside strings and character constants.  */
| #define FOO(x) 'x'
| int xlc6_cc_array[FOO(a) == 'x' ? 1 : -1];
| 
| int test (int i, double x);
| struct s1 {int (*f) (int a);};
| struct s2 {int (*f) (double a);};
| int pairnames (int, char **, FILE *(*)(struct buf *, struct stat *, int), int, int);
| int argc;
| char **argv;
| int
| main ()
| {
| return f (e, argv, 0) != argv[0]  ||  f (e, argv, 1) != argv[1];
|   ;
|   return 0;
| }
configure:4259: arm-linux-androideabi-gcc -Xc -D__EXTENSIONS__ -c -g -O2  conftest.c >&5
arm-linux-androideabi-gcc: error: unrecognized command line option '-Xc'
configure:4259: $? = 1
configure: failed program was:
| /* confdefs.h */
| #define PACKAGE_NAME "libfluid_base"
| #define PACKAGE_TARNAME "libfluid_base"
| #define PACKAGE_VERSION "1.0"
| #define PACKAGE_STRING "libfluid_base 1.0"
| #define PACKAGE_BUGREPORT "allanv@cpqd.com.br"
| #define PACKAGE_URL "http://www.cpqd.com.br/"
| /* end confdefs.h.  */
| #include <stdarg.h>
| #include <stdio.h>
| struct stat;
| /* Most of the following tests are stolen from RCS 5.7's src/conf.sh.  */
| struct buf { int x; };
| FILE * (*rcsopen) (struct buf *, struct stat *, int);
| static char *e (p, i)
|      char **p;
|      int i;
| {
|   return p[i];
| }
| static char *f (char * (*g) (char **, int), char **p, ...)
| {
|   char *s;
|   va_list v;
|   va_start (v,p);
|   s = g (p, va_arg (v,int));
|   va_end (v);
|   return s;
| }
| 
| /* OSF 4.0 Compaq cc is some sort of almost-ANSI by default.  It has
|    function prototypes and stuff, but not '\xHH' hex character constants.
|    These don't provoke an error unfortunately, instead are silently treated
|    as 'x'.  The following induces an error, until -std is added to get
|    proper ANSI mode.  Curiously '\x00'!='x' always comes out true, for an
|    array size at least.  It's necessary to write '\x00'==0 to get something
|    that's true only with -std.  */
| int osf4_cc_array ['\x00' == 0 ? 1 : -1];
| 
| /* IBM C 6 for AIX is almost-ANSI by default, but it replaces macro parameters
|    inside strings and character constants.  */
| #define FOO(x) 'x'
| int xlc6_cc_array[FOO(a) == 'x' ? 1 : -1];
| 
| int test (int i, double x);
| struct s1 {int (*f) (int a);};
| struct s2 {int (*f) (double a);};
| int pairnames (int, char **, FILE *(*)(struct buf *, struct stat *, int), int, int);
| int argc;
| char **argv;
| int
| main ()
| {
| return f (e, argv, 0) != argv[0]  ||  f (e, argv, 1) != argv[1];
|   ;
|   return 0;
| }
configure:4275: result: unsupported
configure:4297: checking whether arm-linux-androideabi-gcc understands -c and -o together
configure:4319: arm-linux-androideabi-gcc -c conftest.c -o conftest2.o
configure:4322: $? = 0
configure:4319: arm-linux-androideabi-gcc -c conftest.c -o conftest2.o
configure:4322: $? = 0
configure:4334: result: yes
configure:4353: checking dependency style of arm-linux-androideabi-gcc
configure:4464: result: gcc3
configure:4479: checking for a sed that does not truncate output
configure:4543: result: /bin/sed
configure:4561: checking for grep that handles long lines and -e
configure:4619: result: /bin/grep
configure:4624: checking for egrep
configure:4686: result: /bin/grep -E
configure:4691: checking for fgrep
configure:4753: result: /bin/grep -F
configure:4788: checking for ld used by arm-linux-androideabi-gcc
configure:4855: result: arm-linux-androideabi-ld
configure:4862: checking if the linker (arm-linux-androideabi-ld) is GNU ld
configure:4877: result: yes
configure:4889: checking for BSD- or MS-compatible name lister (nm)
configure:4938: result: /home/spykid/sdm/ndk/toolchains/arm-linux-androideabi-4.7/prebuilt/linux-x86_64/bin/arm-linux-androideabi-nm -B
configure:5068: checking the name lister (/home/spykid/sdm/ndk/toolchains/arm-linux-androideabi-4.7/prebuilt/linux-x86_64/bin/arm-linux-androideabi-nm -B) interface
configure:5075: arm-linux-androideabi-gcc -c -g -O2  conftest.c >&5
configure:5078: /home/spykid/sdm/ndk/toolchains/arm-linux-androideabi-4.7/prebuilt/linux-x86_64/bin/arm-linux-androideabi-nm -B "conftest.o"
configure:5081: output
00000000 B some_variable
configure:5088: result: BSD nm
configure:5091: checking whether ln -s works
configure:5095: result: yes
configure:5103: checking the maximum length of command line arguments
configure:5234: result: 1572864
configure:5251: checking whether the shell understands some XSI constructs
configure:5261: result: yes
configure:5265: checking whether the shell understands "+="
configure:5271: result: yes
configure:5306: checking how to convert x86_64-unknown-linux-gnu file names to arm-unknown-linux-androideabi format
configure:5346: result: func_convert_file_noop
configure:5353: checking how to convert x86_64-unknown-linux-gnu file names to toolchain format
configure:5373: result: func_convert_file_noop
configure:5380: checking for arm-linux-androideabi-ld option to reload object files
configure:5387: result: -r
configure:5421: checking for arm-linux-androideabi-objdump
configure:5437: found /home/spykid/sdm/ndk/toolchains/arm-linux-androideabi-4.7/prebuilt/linux-x86_64/bin/arm-linux-androideabi-objdump
configure:5448: result: arm-linux-androideabi-objdump
configure:5520: checking how to recognize dependent libraries
configure:5718: result: pass_all
configure:5763: checking for arm-linux-androideabi-dlltool
configure:5793: result: no
configure:5803: checking for dlltool
configure:5833: result: no
configure:5863: checking how to associate runtime and link libraries
configure:5890: result: printf %s\n
configure:5907: checking for arm-linux-androideabi-ar
configure:5923: found /home/spykid/sdm/ndk/toolchains/arm-linux-androideabi-4.7/prebuilt/linux-x86_64/bin/arm-linux-androideabi-ar
configure:5934: result: arm-linux-androideabi-ar
configure:6015: checking for archiver @FILE support
configure:6032: arm-linux-androideabi-gcc -c -g -O2  conftest.c >&5
configure:6032: $? = 0
configure:6035: arm-linux-androideabi-ar cru libconftest.a @conftest.lst >&5
configure:6038: $? = 0
configure:6043: arm-linux-androideabi-ar cru libconftest.a @conftest.lst >&5
arm-linux-androideabi-ar: conftest.o: No such file or directory
configure:6046: $? = 1
configure:6058: result: @
configure:6076: checking for arm-linux-androideabi-strip
configure:6103: result: arm-linux-androideabi-strip
configure:6175: checking for arm-linux-androideabi-ranlib
configure:6191: found /home/spykid/sdm/ndk/toolchains/arm-linux-androideabi-4.7/prebuilt/linux-x86_64/bin/arm-linux-androideabi-ranlib
configure:6202: result: arm-linux-androideabi-ranlib
configure:6344: checking command to parse /home/spykid/sdm/ndk/toolchains/arm-linux-androideabi-4.7/prebuilt/linux-x86_64/bin/arm-linux-androideabi-nm -B output from arm-linux-androideabi-gcc object
configure:6464: arm-linux-androideabi-gcc -c -g -O2  conftest.c >&5
configure:6467: $? = 0
configure:6471: /home/spykid/sdm/ndk/toolchains/arm-linux-androideabi-4.7/prebuilt/linux-x86_64/bin/arm-linux-androideabi-nm -B conftest.o \| sed -n -e 's/^.*[ ]\([ABCDGIRSTW][ABCDGIRSTW]*\)[ ][ ]*\([_A-Za-z][_A-Za-z0-9]*\)$/\1 \2 \2/p' | sed '/ __gnu_lto/d' \> conftest.nm
configure:6474: $? = 0
configure:6540: arm-linux-androideabi-gcc -o conftest -g -O2   conftest.c conftstm.o >&5
/home/spykid/sdm/ndk/toolchains/arm-linux-androideabi-4.7/prebuilt/linux-x86_64/bin/../lib/gcc/arm-linux-androideabi/4.7/../../../../arm-linux-androideabi/bin/ld: error: cannot open crtbegin_dynamic.o: No such file or directory
/home/spykid/sdm/ndk/toolchains/arm-linux-androideabi-4.7/prebuilt/linux-x86_64/bin/../lib/gcc/arm-linux-androideabi/4.7/../../../../arm-linux-androideabi/bin/ld: error: cannot open crtend_android.o: No such file or directory
/home/spykid/sdm/ndk/toolchains/arm-linux-androideabi-4.7/prebuilt/linux-x86_64/bin/../lib/gcc/arm-linux-androideabi/4.7/../../../../arm-linux-androideabi/bin/ld: error: cannot find -lc
/home/spykid/sdm/ndk/toolchains/arm-linux-androideabi-4.7/prebuilt/linux-x86_64/bin/../lib/gcc/arm-linux-androideabi/4.7/../../../../arm-linux-androideabi/bin/ld: error: cannot find -ldl
collect2: error: ld returned 1 exit status
configure:6543: $? = 1
configure:6464: arm-linux-androideabi-gcc -c -g -O2  conftest.c >&5
configure:6467: $? = 0
configure:6471: /home/spykid/sdm/ndk/toolchains/arm-linux-androideabi-4.7/prebuilt/linux-x86_64/bin/arm-linux-androideabi-nm -B conftest.o \| sed -n -e 's/^.*[ ]\([ABCDGIRSTW][ABCDGIRSTW]*\)[ ][ ]*_\([_A-Za-z][_A-Za-z0-9]*\)$/\1 _\2 \2/p' | sed '/ __gnu_lto/d' \> conftest.nm
configure:6474: $? = 0
cannot run sed -n -e 's/^.*[	 ]\([ABCDGIRSTW][ABCDGIRSTW]*\)[	 ][	 ]*_\([_A-Za-z][_A-Za-z0-9]*\)$/\1 _\2 \2/p' | sed '/ __gnu_lto/d'
configure:6578: result: failed
configure:6618: checking for sysroot
configure:6648: result: no
configure:6877: checking for arm-linux-androideabi-mt
configure:6907: result: no
configure:6917: checking for mt
configure:6933: found /bin/mt
configure:6944: result: mt
configure:6956: WARNING: using cross tools not prefixed with host triplet
configure:6967: checking if mt is a manifest tool
configure:6973: mt '-?'
configure:6981: result: no
configure:7623: checking how to run the C preprocessor
configure:7654: arm-linux-androideabi-gcc -E  conftest.c
In file included from /home/spykid/sdm/ndk/toolchains/arm-linux-androideabi-4.7/prebuilt/linux-x86_64/bin/../lib/gcc/arm-linux-androideabi/4.7/include-fixed/syslimits.h:7:0,
                 from /home/spykid/sdm/ndk/toolchains/arm-linux-androideabi-4.7/prebuilt/linux-x86_64/bin/../lib/gcc/arm-linux-androideabi/4.7/include-fixed/limits.h:34,
                 from conftest.c:10:
/home/spykid/sdm/ndk/toolchains/arm-linux-androideabi-4.7/prebuilt/linux-x86_64/bin/../lib/gcc/arm-linux-androideabi/4.7/include-fixed/limits.h:169:61: error: no include path in which to search for limits.h
configure:7654: $? = 1
configure: failed program was:
| /* confdefs.h */
| #define PACKAGE_NAME "libfluid_base"
| #define PACKAGE_TARNAME "libfluid_base"
| #define PACKAGE_VERSION "1.0"
| #define PACKAGE_STRING "libfluid_base 1.0"
| #define PACKAGE_BUGREPORT "allanv@cpqd.com.br"
| #define PACKAGE_URL "http://www.cpqd.com.br/"
| /* end confdefs.h.  */
| #ifdef __STDC__
| # include <limits.h>
| #else
| # include <assert.h>
| #endif
| 		     Syntax error
configure:7654: arm-linux-androideabi-gcc -E  conftest.c
In file included from /home/spykid/sdm/ndk/toolchains/arm-linux-androideabi-4.7/prebuilt/linux-x86_64/bin/../lib/gcc/arm-linux-androideabi/4.7/include-fixed/syslimits.h:7:0,
                 from /home/spykid/sdm/ndk/toolchains/arm-linux-androideabi-4.7/prebuilt/linux-x86_64/bin/../lib/gcc/arm-linux-androideabi/4.7/include-fixed/limits.h:34,
                 from conftest.c:10:
/home/spykid/sdm/ndk/toolchains/arm-linux-androideabi-4.7/prebuilt/linux-x86_64/bin/../lib/gcc/arm-linux-androideabi/4.7/include-fixed/limits.h:169:61: error: no include path in which to search for limits.h
configure:7654: $? = 1
configure: failed program was:
| /* confdefs.h */
| #define PACKAGE_NAME "libfluid_base"
| #define PACKAGE_TARNAME "libfluid_base"
| #define PACKAGE_VERSION "1.0"
| #define PACKAGE_STRING "libfluid_base 1.0"
| #define PACKAGE_BUGREPORT "allanv@cpqd.com.br"
| #define PACKAGE_URL "http://www.cpqd.com.br/"
| /* end confdefs.h.  */
| #ifdef __STDC__
| # include <limits.h>
| #else
| # include <assert.h>
| #endif
| 		     Syntax error
configure:7654: arm-linux-androideabi-gcc -E -traditional-cpp  conftest.c
conftest.c:12:0: fatal error: assert.h: No such file or directory
compilation terminated.
configure:7654: $? = 1
configure: failed program was:
| /* confdefs.h */
| #define PACKAGE_NAME "libfluid_base"
| #define PACKAGE_TARNAME "libfluid_base"
| #define PACKAGE_VERSION "1.0"
| #define PACKAGE_STRING "libfluid_base 1.0"
| #define PACKAGE_BUGREPORT "allanv@cpqd.com.br"
| #define PACKAGE_URL "http://www.cpqd.com.br/"
| /* end confdefs.h.  */
| #ifdef __STDC__
| # include <limits.h>
| #else
| # include <assert.h>
| #endif
| 		     Syntax error
configure:7654: arm-linux-androideabi-gcc -E -traditional-cpp  conftest.c
conftest.c:12:0: fatal error: assert.h: No such file or directory
compilation terminated.
configure:7654: $? = 1
configure: failed program was:
| /* confdefs.h */
| #define PACKAGE_NAME "libfluid_base"
| #define PACKAGE_TARNAME "libfluid_base"
| #define PACKAGE_VERSION "1.0"
| #define PACKAGE_STRING "libfluid_base 1.0"
| #define PACKAGE_BUGREPORT "allanv@cpqd.com.br"
| #define PACKAGE_URL "http://www.cpqd.com.br/"
| /* end confdefs.h.  */
| #ifdef __STDC__
| # include <limits.h>
| #else
| # include <assert.h>
| #endif
| 		     Syntax error
configure:7654: /lib/cpp  conftest.c
configure:7654: $? = 0
configure:7668: /lib/cpp  conftest.c
conftest.c:9:28: fatal error: ac_nonexistent.h: No such file or directory
 #include <ac_nonexistent.h>
                            ^
compilation terminated.
configure:7668: $? = 1
configure: failed program was:
| /* confdefs.h */
| #define PACKAGE_NAME "libfluid_base"
| #define PACKAGE_TARNAME "libfluid_base"
| #define PACKAGE_VERSION "1.0"
| #define PACKAGE_STRING "libfluid_base 1.0"
| #define PACKAGE_BUGREPORT "allanv@cpqd.com.br"
| #define PACKAGE_URL "http://www.cpqd.com.br/"
| /* end confdefs.h.  */
| #include <ac_nonexistent.h>
configure:7693: result: /lib/cpp
configure:7713: /lib/cpp  conftest.c
configure:7713: $? = 0
configure:7727: /lib/cpp  conftest.c
conftest.c:9:28: fatal error: ac_nonexistent.h: No such file or directory
 #include <ac_nonexistent.h>
                            ^
compilation terminated.
configure:7727: $? = 1
configure: failed program was:
| /* confdefs.h */
| #define PACKAGE_NAME "libfluid_base"
| #define PACKAGE_TARNAME "libfluid_base"
| #define PACKAGE_VERSION "1.0"
| #define PACKAGE_STRING "libfluid_base 1.0"
| #define PACKAGE_BUGREPORT "allanv@cpqd.com.br"
| #define PACKAGE_URL "http://www.cpqd.com.br/"
| /* end confdefs.h.  */
| #include <ac_nonexistent.h>
configure:7756: checking for ANSI C header files
configure:7776: arm-linux-androideabi-gcc -c -g -O2  conftest.c >&5
conftest.c:9:20: fatal error: stdlib.h: No such file or directory
compilation terminated.
configure:7776: $? = 1
configure: failed program was:
| /* confdefs.h */
| #define PACKAGE_NAME "libfluid_base"
| #define PACKAGE_TARNAME "libfluid_base"
| #define PACKAGE_VERSION "1.0"
| #define PACKAGE_STRING "libfluid_base 1.0"
| #define PACKAGE_BUGREPORT "allanv@cpqd.com.br"
| #define PACKAGE_URL "http://www.cpqd.com.br/"
| /* end confdefs.h.  */
| #include <stdlib.h>
| #include <stdarg.h>
| #include <string.h>
| #include <float.h>
| 
| int
| main ()
| {
| 
|   ;
|   return 0;
| }
configure:7860: result: no
configure:7873: checking for sys/types.h
configure:7873: arm-linux-androideabi-gcc -c -g -O2  conftest.c >&5
In file included from conftest.c:9:0:
/home/spykid/sdm/ndk/toolchains/arm-linux-androideabi-4.7/prebuilt/linux-x86_64/bin/../lib/gcc/arm-linux-androideabi/4.7/include-fixed/stdio.h:50:23: fatal error: sys/cdefs.h: No such file or directory
compilation terminated.
configure:7873: $? = 1
configure: failed program was:
| /* confdefs.h */
| #define PACKAGE_NAME "libfluid_base"
| #define PACKAGE_TARNAME "libfluid_base"
| #define PACKAGE_VERSION "1.0"
| #define PACKAGE_STRING "libfluid_base 1.0"
| #define PACKAGE_BUGREPORT "allanv@cpqd.com.br"
| #define PACKAGE_URL "http://www.cpqd.com.br/"
| /* end confdefs.h.  */
| #include <stdio.h>
| #ifdef HAVE_SYS_TYPES_H
| # include <sys/types.h>
| #endif
| #ifdef HAVE_SYS_STAT_H
| # include <sys/stat.h>
| #endif
| #ifdef STDC_HEADERS
| # include <stdlib.h>
| # include <stddef.h>
| #else
| # ifdef HAVE_STDLIB_H
| #  include <stdlib.h>
| # endif
| #endif
| #ifdef HAVE_STRING_H
| # if !defined STDC_HEADERS && defined HAVE_MEMORY_H
| #  include <memory.h>
| # endif
| # include <string.h>
| #endif
| #ifdef HAVE_STRINGS_H
| # include <strings.h>
| #endif
| #ifdef HAVE_INTTYPES_H
| # include <inttypes.h>
| #endif
| #ifdef HAVE_STDINT_H
| # include <stdint.h>
| #endif
| #ifdef HAVE_UNISTD_H
| # include <unistd.h>
| #endif
| 
| #include <sys/types.h>
configure:7873: result: no
configure:7873: checking for sys/stat.h
configure:7873: arm-linux-androideabi-gcc -c -g -O2  conftest.c >&5
In file included from conftest.c:9:0:
/home/spykid/sdm/ndk/toolchains/arm-linux-androideabi-4.7/prebuilt/linux-x86_64/bin/../lib/gcc/arm-linux-androideabi/4.7/include-fixed/stdio.h:50:23: fatal error: sys/cdefs.h: No such file or directory
compilation terminated.
configure:7873: $? = 1
configure: failed program was:
| /* confdefs.h */
| #define PACKAGE_NAME "libfluid_base"
| #define PACKAGE_TARNAME "libfluid_base"
| #define PACKAGE_VERSION "1.0"
| #define PACKAGE_STRING "libfluid_base 1.0"
| #define PACKAGE_BUGREPORT "allanv@cpqd.com.br"
| #define PACKAGE_URL "http://www.cpqd.com.br/"
| /* end confdefs.h.  */
| #include <stdio.h>
| #ifdef HAVE_SYS_TYPES_H
| # include <sys/types.h>
| #endif
| #ifdef HAVE_SYS_STAT_H
| # include <sys/stat.h>
| #endif
| #ifdef STDC_HEADERS
| # include <stdlib.h>
| # include <stddef.h>
| #else
| # ifdef HAVE_STDLIB_H
| #  include <stdlib.h>
| # endif
| #endif
| #ifdef HAVE_STRING_H
| # if !defined STDC_HEADERS && defined HAVE_MEMORY_H
| #  include <memory.h>
| # endif
| # include <string.h>
| #endif
| #ifdef HAVE_STRINGS_H
| # include <strings.h>
| #endif
| #ifdef HAVE_INTTYPES_H
| # include <inttypes.h>
| #endif
| #ifdef HAVE_STDINT_H
| # include <stdint.h>
| #endif
| #ifdef HAVE_UNISTD_H
| # include <unistd.h>
| #endif
| 
| #include <sys/stat.h>
configure:7873: result: no
configure:7873: checking for stdlib.h
configure:7873: arm-linux-androideabi-gcc -c -g -O2  conftest.c >&5
In file included from conftest.c:9:0:
/home/spykid/sdm/ndk/toolchains/arm-linux-androideabi-4.7/prebuilt/linux-x86_64/bin/../lib/gcc/arm-linux-androideabi/4.7/include-fixed/stdio.h:50:23: fatal error: sys/cdefs.h: No such file or directory
compilation terminated.
configure:7873: $? = 1
configure: failed program was:
| /* confdefs.h */
| #define PACKAGE_NAME "libfluid_base"
| #define PACKAGE_TARNAME "libfluid_base"
| #define PACKAGE_VERSION "1.0"
| #define PACKAGE_STRING "libfluid_base 1.0"
| #define PACKAGE_BUGREPORT "allanv@cpqd.com.br"
| #define PACKAGE_URL "http://www.cpqd.com.br/"
| /* end confdefs.h.  */
| #include <stdio.h>
| #ifdef HAVE_SYS_TYPES_H
| # include <sys/types.h>
| #endif
| #ifdef HAVE_SYS_STAT_H
| # include <sys/stat.h>
| #endif
| #ifdef STDC_HEADERS
| # include <stdlib.h>
| # include <stddef.h>
| #else
| # ifdef HAVE_STDLIB_H
| #  include <stdlib.h>
| # endif
| #endif
| #ifdef HAVE_STRING_H
| # if !defined STDC_HEADERS && defined HAVE_MEMORY_H
| #  include <memory.h>
| # endif
| # include <string.h>
| #endif
| #ifdef HAVE_STRINGS_H
| # include <strings.h>
| #endif
| #ifdef HAVE_INTTYPES_H
| # include <inttypes.h>
| #endif
| #ifdef HAVE_STDINT_H
| # include <stdint.h>
| #endif
| #ifdef HAVE_UNISTD_H
| # include <unistd.h>
| #endif
| 
| #include <stdlib.h>
configure:7873: result: no
configure:7873: checking for string.h
configure:7873: arm-linux-androideabi-gcc -c -g -O2  conftest.c >&5
In file included from conftest.c:9:0:
/home/spykid/sdm/ndk/toolchains/arm-linux-androideabi-4.7/prebuilt/linux-x86_64/bin/../lib/gcc/arm-linux-androideabi/4.7/include-fixed/stdio.h:50:23: fatal error: sys/cdefs.h: No such file or directory
compilation terminated.
configure:7873: $? = 1
configure: failed program was:
| /* confdefs.h */
| #define PACKAGE_NAME "libfluid_base"
| #define PACKAGE_TARNAME "libfluid_base"
| #define PACKAGE_VERSION "1.0"
| #define PACKAGE_STRING "libfluid_base 1.0"
| #define PACKAGE_BUGREPORT "allanv@cpqd.com.br"
| #define PACKAGE_URL "http://www.cpqd.com.br/"
| /* end confdefs.h.  */
| #include <stdio.h>
| #ifdef HAVE_SYS_TYPES_H
| # include <sys/types.h>
| #endif
| #ifdef HAVE_SYS_STAT_H
| # include <sys/stat.h>
| #endif
| #ifdef STDC_HEADERS
| # include <stdlib.h>
| # include <stddef.h>
| #else
| # ifdef HAVE_STDLIB_H
| #  include <stdlib.h>
| # endif
| #endif
| #ifdef HAVE_STRING_H
| # if !defined STDC_HEADERS && defined HAVE_MEMORY_H
| #  include <memory.h>
| # endif
| # include <string.h>
| #endif
| #ifdef HAVE_STRINGS_H
| # include <strings.h>
| #endif
| #ifdef HAVE_INTTYPES_H
| # include <inttypes.h>
| #endif
| #ifdef HAVE_STDINT_H
| # include <stdint.h>
| #endif
| #ifdef HAVE_UNISTD_H
| # include <unistd.h>
| #endif
| 
| #include <string.h>
configure:7873: result: no
configure:7873: checking for memory.h
configure:7873: arm-linux-androideabi-gcc -c -g -O2  conftest.c >&5
In file included from conftest.c:9:0:
/home/spykid/sdm/ndk/toolchains/arm-linux-androideabi-4.7/prebuilt/linux-x86_64/bin/../lib/gcc/arm-linux-androideabi/4.7/include-fixed/stdio.h:50:23: fatal error: sys/cdefs.h: No such file or directory
compilation terminated.
configure:7873: $? = 1
configure: failed program was:
| /* confdefs.h */
| #define PACKAGE_NAME "libfluid_base"
| #define PACKAGE_TARNAME "libfluid_base"
| #define PACKAGE_VERSION "1.0"
| #define PACKAGE_STRING "libfluid_base 1.0"
| #define PACKAGE_BUGREPORT "allanv@cpqd.com.br"
| #define PACKAGE_URL "http://www.cpqd.com.br/"
| /* end confdefs.h.  */
| #include <stdio.h>
| #ifdef HAVE_SYS_TYPES_H
| # include <sys/types.h>
| #endif
| #ifdef HAVE_SYS_STAT_H
| # include <sys/stat.h>
| #endif
| #ifdef STDC_HEADERS
| # include <stdlib.h>
| # include <stddef.h>
| #else
| # ifdef HAVE_STDLIB_H
| #  include <stdlib.h>
| # endif
| #endif
| #ifdef HAVE_STRING_H
| # if !defined STDC_HEADERS && defined HAVE_MEMORY_H
| #  include <memory.h>
| # endif
| # include <string.h>
| #endif
| #ifdef HAVE_STRINGS_H
| # include <strings.h>
| #endif
| #ifdef HAVE_INTTYPES_H
| # include <inttypes.h>
| #endif
| #ifdef HAVE_STDINT_H
| # include <stdint.h>
| #endif
| #ifdef HAVE_UNISTD_H
| # include <unistd.h>
| #endif
| 
| #include <memory.h>
configure:7873: result: no
configure:7873: checking for strings.h
configure:7873: arm-linux-androideabi-gcc -c -g -O2  conftest.c >&5
In file included from conftest.c:9:0:
/home/spykid/sdm/ndk/toolchains/arm-linux-androideabi-4.7/prebuilt/linux-x86_64/bin/../lib/gcc/arm-linux-androideabi/4.7/include-fixed/stdio.h:50:23: fatal error: sys/cdefs.h: No such file or directory
compilation terminated.
configure:7873: $? = 1
configure: failed program was:
| /* confdefs.h */
| #define PACKAGE_NAME "libfluid_base"
| #define PACKAGE_TARNAME "libfluid_base"
| #define PACKAGE_VERSION "1.0"
| #define PACKAGE_STRING "libfluid_base 1.0"
| #define PACKAGE_BUGREPORT "allanv@cpqd.com.br"
| #define PACKAGE_URL "http://www.cpqd.com.br/"
| /* end confdefs.h.  */
| #include <stdio.h>
| #ifdef HAVE_SYS_TYPES_H
| # include <sys/types.h>
| #endif
| #ifdef HAVE_SYS_STAT_H
| # include <sys/stat.h>
| #endif
| #ifdef STDC_HEADERS
| # include <stdlib.h>
| # include <stddef.h>
| #else
| # ifdef HAVE_STDLIB_H
| #  include <stdlib.h>
| # endif
| #endif
| #ifdef HAVE_STRING_H
| # if !defined STDC_HEADERS && defined HAVE_MEMORY_H
| #  include <memory.h>
| # endif
| # include <string.h>
| #endif
| #ifdef HAVE_STRINGS_H
| # include <strings.h>
| #endif
| #ifdef HAVE_INTTYPES_H
| # include <inttypes.h>
| #endif
| #ifdef HAVE_STDINT_H
| # include <stdint.h>
| #endif
| #ifdef HAVE_UNISTD_H
| # include <unistd.h>
| #endif
| 
| #include <strings.h>
configure:7873: result: no
configure:7873: checking for inttypes.h
configure:7873: arm-linux-androideabi-gcc -c -g -O2  conftest.c >&5
In file included from conftest.c:9:0:
/home/spykid/sdm/ndk/toolchains/arm-linux-androideabi-4.7/prebuilt/linux-x86_64/bin/../lib/gcc/arm-linux-androideabi/4.7/include-fixed/stdio.h:50:23: fatal error: sys/cdefs.h: No such file or directory
compilation terminated.
configure:7873: $? = 1
configure: failed program was:
| /* confdefs.h */
| #define PACKAGE_NAME "libfluid_base"
| #define PACKAGE_TARNAME "libfluid_base"
| #define PACKAGE_VERSION "1.0"
| #define PACKAGE_STRING "libfluid_base 1.0"
| #define PACKAGE_BUGREPORT "allanv@cpqd.com.br"
| #define PACKAGE_URL "http://www.cpqd.com.br/"
| /* end confdefs.h.  */
| #include <stdio.h>
| #ifdef HAVE_SYS_TYPES_H
| # include <sys/types.h>
| #endif
| #ifdef HAVE_SYS_STAT_H
| # include <sys/stat.h>
| #endif
| #ifdef STDC_HEADERS
| # include <stdlib.h>
| # include <stddef.h>
| #else
| # ifdef HAVE_STDLIB_H
| #  include <stdlib.h>
| # endif
| #endif
| #ifdef HAVE_STRING_H
| # if !defined STDC_HEADERS && defined HAVE_MEMORY_H
| #  include <memory.h>
| # endif
| # include <string.h>
| #endif
| #ifdef HAVE_STRINGS_H
| # include <strings.h>
| #endif
| #ifdef HAVE_INTTYPES_H
| # include <inttypes.h>
| #endif
| #ifdef HAVE_STDINT_H
| # include <stdint.h>
| #endif
| #ifdef HAVE_UNISTD_H
| # include <unistd.h>
| #endif
| 
| #include <inttypes.h>
configure:7873: result: no
configure:7873: checking for stdint.h
configure:7873: arm-linux-androideabi-gcc -c -g -O2  conftest.c >&5
In file included from conftest.c:9:0:
/home/spykid/sdm/ndk/toolchains/arm-linux-androideabi-4.7/prebuilt/linux-x86_64/bin/../lib/gcc/arm-linux-androideabi/4.7/include-fixed/stdio.h:50:23: fatal error: sys/cdefs.h: No such file or directory
compilation terminated.
configure:7873: $? = 1
configure: failed program was:
| /* confdefs.h */
| #define PACKAGE_NAME "libfluid_base"
| #define PACKAGE_TARNAME "libfluid_base"
| #define PACKAGE_VERSION "1.0"
| #define PACKAGE_STRING "libfluid_base 1.0"
| #define PACKAGE_BUGREPORT "allanv@cpqd.com.br"
| #define PACKAGE_URL "http://www.cpqd.com.br/"
| /* end confdefs.h.  */
| #include <stdio.h>
| #ifdef HAVE_SYS_TYPES_H
| # include <sys/types.h>
| #endif
| #ifdef HAVE_SYS_STAT_H
| # include <sys/stat.h>
| #endif
| #ifdef STDC_HEADERS
| # include <stdlib.h>
| # include <stddef.h>
| #else
| # ifdef HAVE_STDLIB_H
| #  include <stdlib.h>
| # endif
| #endif
| #ifdef HAVE_STRING_H
| # if !defined STDC_HEADERS && defined HAVE_MEMORY_H
| #  include <memory.h>
| # endif
| # include <string.h>
| #endif
| #ifdef HAVE_STRINGS_H
| # include <strings.h>
| #endif
| #ifdef HAVE_INTTYPES_H
| # include <inttypes.h>
| #endif
| #ifdef HAVE_STDINT_H
| # include <stdint.h>
| #endif
| #ifdef HAVE_UNISTD_H
| # include <unistd.h>
| #endif
| 
| #include <stdint.h>
configure:7873: result: no
configure:7873: checking for unistd.h
configure:7873: arm-linux-androideabi-gcc -c -g -O2  conftest.c >&5
In file included from conftest.c:9:0:
/home/spykid/sdm/ndk/toolchains/arm-linux-androideabi-4.7/prebuilt/linux-x86_64/bin/../lib/gcc/arm-linux-androideabi/4.7/include-fixed/stdio.h:50:23: fatal error: sys/cdefs.h: No such file or directory
compilation terminated.
configure:7873: $? = 1
configure: failed program was:
| /* confdefs.h */
| #define PACKAGE_NAME "libfluid_base"
| #define PACKAGE_TARNAME "libfluid_base"
| #define PACKAGE_VERSION "1.0"
| #define PACKAGE_STRING "libfluid_base 1.0"
| #define PACKAGE_BUGREPORT "allanv@cpqd.com.br"
| #define PACKAGE_URL "http://www.cpqd.com.br/"
| /* end confdefs.h.  */
| #include <stdio.h>
| #ifdef HAVE_SYS_TYPES_H
| # include <sys/types.h>
| #endif
| #ifdef HAVE_SYS_STAT_H
| # include <sys/stat.h>
| #endif
| #ifdef STDC_HEADERS
| # include <stdlib.h>
| # include <stddef.h>
| #else
| # ifdef HAVE_STDLIB_H
| #  include <stdlib.h>
| # endif
| #endif
| #ifdef HAVE_STRING_H
| # if !defined STDC_HEADERS && defined HAVE_MEMORY_H
| #  include <memory.h>
| # endif
| # include <string.h>
| #endif
| #ifdef HAVE_STRINGS_H
| # include <strings.h>
| #endif
| #ifdef HAVE_INTTYPES_H
| # include <inttypes.h>
| #endif
| #ifdef HAVE_STDINT_H
| # include <stdint.h>
| #endif
| #ifdef HAVE_UNISTD_H
| # include <unistd.h>
| #endif
| 
| #include <unistd.h>
configure:7873: result: no
configure:7887: checking for dlfcn.h
configure:7887: arm-linux-androideabi-gcc -c -g -O2  conftest.c >&5
In file included from conftest.c:9:0:
/home/spykid/sdm/ndk/toolchains/arm-linux-androideabi-4.7/prebuilt/linux-x86_64/bin/../lib/gcc/arm-linux-androideabi/4.7/include-fixed/stdio.h:50:23: fatal error: sys/cdefs.h: No such file or directory
compilation terminated.
configure:7887: $? = 1
configure: failed program was:
| /* confdefs.h */
| #define PACKAGE_NAME "libfluid_base"
| #define PACKAGE_TARNAME "libfluid_base"
| #define PACKAGE_VERSION "1.0"
| #define PACKAGE_STRING "libfluid_base 1.0"
| #define PACKAGE_BUGREPORT "allanv@cpqd.com.br"
| #define PACKAGE_URL "http://www.cpqd.com.br/"
| /* end confdefs.h.  */
| #include <stdio.h>
| #ifdef HAVE_SYS_TYPES_H
| # include <sys/types.h>
| #endif
| #ifdef HAVE_SYS_STAT_H
| # include <sys/stat.h>
| #endif
| #ifdef STDC_HEADERS
| # include <stdlib.h>
| # include <stddef.h>
| #else
| # ifdef HAVE_STDLIB_H
| #  include <stdlib.h>
| # endif
| #endif
| #ifdef HAVE_STRING_H
| # if !defined STDC_HEADERS && defined HAVE_MEMORY_H
| #  include <memory.h>
| # endif
| # include <string.h>
| #endif
| #ifdef HAVE_STRINGS_H
| # include <strings.h>
| #endif
| #ifdef HAVE_INTTYPES_H
| # include <inttypes.h>
| #endif
| #ifdef HAVE_STDINT_H
| # include <stdint.h>
| #endif
| #ifdef HAVE_UNISTD_H
| # include <unistd.h>
| #endif
| 
| #include <dlfcn.h>
configure:7887: result: no
configure:8104: checking for objdir
configure:8119: result: .libs
configure:8386: checking if arm-linux-androideabi-gcc supports -fno-rtti -fno-exceptions
configure:8404: arm-linux-androideabi-gcc -c -g -O2  -fno-rtti -fno-exceptions conftest.c >&5
cc1: warning: command line option '-fno-rtti' is valid for C++/ObjC++ but not for C [enabled by default]
configure:8408: $? = 0
configure:8421: result: no
configure:8748: checking for arm-linux-androideabi-gcc option to produce PIC
configure:8755: result: -fPIC -DPIC
configure:8763: checking if arm-linux-androideabi-gcc PIC flag -fPIC -DPIC works
configure:8781: arm-linux-androideabi-gcc -c -g -O2  -fPIC -DPIC -DPIC conftest.c >&5
configure:8785: $? = 0
configure:8798: result: yes
configure:8827: checking if arm-linux-androideabi-gcc static flag -static works
configure:8855: result: no
configure:8870: checking if arm-linux-androideabi-gcc supports -c -o file.o
configure:8891: arm-linux-androideabi-gcc -c -g -O2  -o out/conftest2.o conftest.c >&5
configure:8895: $? = 0
configure:8917: result: yes
configure:8925: checking if arm-linux-androideabi-gcc supports -c -o file.o
configure:8972: result: yes
configure:9005: checking whether the arm-linux-androideabi-gcc linker (arm-linux-androideabi-ld) supports shared libraries
configure:10162: result: yes
configure:10199: checking whether -lc should be explicitly linked in
configure:10207: arm-linux-androideabi-gcc -c -g -O2  conftest.c >&5
configure:10210: $? = 0
configure:10225: arm-linux-androideabi-gcc -shared  -fPIC -DPIC conftest.o  -v -Wl,-soname -Wl,conftest -o conftest 2\>\&1 \| /bin/grep  -lc  \>/dev/null 2\>\&1
configure:10228: $? = 0
configure:10242: result: no
configure:10402: checking dynamic linker characteristics
configure:10902: arm-linux-androideabi-gcc -o conftest -g -O2   -Wl,-rpath -Wl,/foo conftest.c  >&5
/home/spykid/sdm/ndk/toolchains/arm-linux-androideabi-4.7/prebuilt/linux-x86_64/bin/../lib/gcc/arm-linux-androideabi/4.7/../../../../arm-linux-androideabi/bin/ld: error: cannot open crtbegin_dynamic.o: No such file or directory
/home/spykid/sdm/ndk/toolchains/arm-linux-androideabi-4.7/prebuilt/linux-x86_64/bin/../lib/gcc/arm-linux-androideabi/4.7/../../../../arm-linux-androideabi/bin/ld: error: cannot open crtend_android.o: No such file or directory
/home/spykid/sdm/ndk/toolchains/arm-linux-androideabi-4.7/prebuilt/linux-x86_64/bin/../lib/gcc/arm-linux-androideabi/4.7/../../../../arm-linux-androideabi/bin/ld: error: cannot find -lc
/home/spykid/sdm/ndk/toolchains/arm-linux-androideabi-4.7/prebuilt/linux-x86_64/bin/../lib/gcc/arm-linux-androideabi/4.7/../../../../arm-linux-androideabi/bin/ld: error: cannot find -ldl
collect2: error: ld returned 1 exit status
configure:10902: $? = 1
configure: failed program was:
| /* confdefs.h */
| #define PACKAGE_NAME "libfluid_base"
| #define PACKAGE_TARNAME "libfluid_base"
| #define PACKAGE_VERSION "1.0"
| #define PACKAGE_STRING "libfluid_base 1.0"
| #define PACKAGE_BUGREPORT "allanv@cpqd.com.br"
| #define PACKAGE_URL "http://www.cpqd.com.br/"
| #define LT_OBJDIR ".libs/"
| /* end confdefs.h.  */
| 
| int
| main ()
| {
| 
|   ;
|   return 0;
| }
configure:11136: result: GNU/Linux ld.so
configure:11243: checking how to hardcode library paths into programs
configure:11268: result: immediate
configure:11808: checking whether stripping libraries is possible
configure:11813: result: yes
configure:11848: checking if libtool supports shared libraries
configure:11850: result: yes
configure:11853: checking whether to build shared libraries
configure:11874: result: yes
configure:11877: checking whether to build static libraries
configure:11881: result: yes
configure:11904: checking how to run the C++ preprocessor
configure:11931: arm-linux-androideabi-g++ -E  conftest.cpp
In file included from /home/spykid/sdm/ndk/toolchains/arm-linux-androideabi-4.7/prebuilt/linux-x86_64/bin/../lib/gcc/arm-linux-androideabi/4.7/include-fixed/syslimits.h:7:0,
                 from /home/spykid/sdm/ndk/toolchains/arm-linux-androideabi-4.7/prebuilt/linux-x86_64/bin/../lib/gcc/arm-linux-androideabi/4.7/include-fixed/limits.h:34,
                 from conftest.cpp:11:
/home/spykid/sdm/ndk/toolchains/arm-linux-androideabi-4.7/prebuilt/linux-x86_64/bin/../lib/gcc/arm-linux-androideabi/4.7/include-fixed/limits.h:169:61: error: no include path in which to search for limits.h
configure:11931: $? = 1
configure: failed program was:
| /* confdefs.h */
| #define PACKAGE_NAME "libfluid_base"
| #define PACKAGE_TARNAME "libfluid_base"
| #define PACKAGE_VERSION "1.0"
| #define PACKAGE_STRING "libfluid_base 1.0"
| #define PACKAGE_BUGREPORT "allanv@cpqd.com.br"
| #define PACKAGE_URL "http://www.cpqd.com.br/"
| #define LT_OBJDIR ".libs/"
| /* end confdefs.h.  */
| #ifdef __STDC__
| # include <limits.h>
| #else
| # include <assert.h>
| #endif
| 		     Syntax error
configure:11931: arm-linux-androideabi-g++ -E  conftest.cpp
In file included from /home/spykid/sdm/ndk/toolchains/arm-linux-androideabi-4.7/prebuilt/linux-x86_64/bin/../lib/gcc/arm-linux-androideabi/4.7/include-fixed/syslimits.h:7:0,
                 from /home/spykid/sdm/ndk/toolchains/arm-linux-androideabi-4.7/prebuilt/linux-x86_64/bin/../lib/gcc/arm-linux-androideabi/4.7/include-fixed/limits.h:34,
                 from conftest.cpp:11:
/home/spykid/sdm/ndk/toolchains/arm-linux-androideabi-4.7/prebuilt/linux-x86_64/bin/../lib/gcc/arm-linux-androideabi/4.7/include-fixed/limits.h:169:61: error: no include path in which to search for limits.h
configure:11931: $? = 1
configure: failed program was:
| /* confdefs.h */
| #define PACKAGE_NAME "libfluid_base"
| #define PACKAGE_TARNAME "libfluid_base"
| #define PACKAGE_VERSION "1.0"
| #define PACKAGE_STRING "libfluid_base 1.0"
| #define PACKAGE_BUGREPORT "allanv@cpqd.com.br"
| #define PACKAGE_URL "http://www.cpqd.com.br/"
| #define LT_OBJDIR ".libs/"
| /* end confdefs.h.  */
| #ifdef __STDC__
| # include <limits.h>
| #else
| # include <assert.h>
| #endif
| 		     Syntax error
configure:11931: /lib/cpp  conftest.cpp
configure:11931: $? = 0
configure:11945: /lib/cpp  conftest.cpp
conftest.cpp:10:28: fatal error: ac_nonexistent.h: No such file or directory
 #include <ac_nonexistent.h>
                            ^
compilation terminated.
configure:11945: $? = 1
configure: failed program was:
| /* confdefs.h */
| #define PACKAGE_NAME "libfluid_base"
| #define PACKAGE_TARNAME "libfluid_base"
| #define PACKAGE_VERSION "1.0"
| #define PACKAGE_STRING "libfluid_base 1.0"
| #define PACKAGE_BUGREPORT "allanv@cpqd.com.br"
| #define PACKAGE_URL "http://www.cpqd.com.br/"
| #define LT_OBJDIR ".libs/"
| /* end confdefs.h.  */
| #include <ac_nonexistent.h>
configure:11970: result: /lib/cpp
configure:11990: /lib/cpp  conftest.cpp
configure:11990: $? = 0
configure:12004: /lib/cpp  conftest.cpp
conftest.cpp:10:28: fatal error: ac_nonexistent.h: No such file or directory
 #include <ac_nonexistent.h>
                            ^
compilation terminated.
configure:12004: $? = 1
configure: failed program was:
| /* confdefs.h */
| #define PACKAGE_NAME "libfluid_base"
| #define PACKAGE_TARNAME "libfluid_base"
| #define PACKAGE_VERSION "1.0"
| #define PACKAGE_STRING "libfluid_base 1.0"
| #define PACKAGE_BUGREPORT "allanv@cpqd.com.br"
| #define PACKAGE_URL "http://www.cpqd.com.br/"
| #define LT_OBJDIR ".libs/"
| /* end confdefs.h.  */
| #include <ac_nonexistent.h>
configure:12173: checking for ld used by arm-linux-androideabi-g++
configure:12240: result: arm-linux-androideabi-ld
configure:12247: checking if the linker (arm-linux-androideabi-ld) is GNU ld
configure:12262: result: yes
configure:12317: checking whether the arm-linux-androideabi-g++ linker (arm-linux-androideabi-ld) supports shared libraries
configure:13319: result: yes
configure:13355: arm-linux-androideabi-g++ -c --sysroot=/home/spykid/sdm/ndk/platforms/android-8/arch-arm/ -I../libevent/include -L/home/spykid/libfluid/examples/android/jni/libfluid_base/../libevent -I/home/spykid/sdm/ndk/sources/cxx-stl/gnu-libstdc++/4.7/include -I/home/spykid/sdm/ndk/sources/cxx-stl/gnu-libstdc++/4.7/include/backward -I/home/spykid/sdm/ndk/sources/cxx-stl/gnu-libstdc++/4.7/libs/armeabi-v7a/include  conftest.cpp >&5
configure:13358: $? = 0
configure:13878: checking for arm-linux-androideabi-g++ option to produce PIC
configure:13885: result: -fPIC -DPIC
configure:13893: checking if arm-linux-androideabi-g++ PIC flag -fPIC -DPIC works
configure:13911: arm-linux-androideabi-g++ -c --sysroot=/home/spykid/sdm/ndk/platforms/android-8/arch-arm/ -I../libevent/include -L/home/spykid/libfluid/examples/android/jni/libfluid_base/../libevent -I/home/spykid/sdm/ndk/sources/cxx-stl/gnu-libstdc++/4.7/include -I/home/spykid/sdm/ndk/sources/cxx-stl/gnu-libstdc++/4.7/include/backward -I/home/spykid/sdm/ndk/sources/cxx-stl/gnu-libstdc++/4.7/libs/armeabi-v7a/include  -fPIC -DPIC -DPIC conftest.cpp >&5
configure:13915: $? = 0
configure:13928: result: yes
configure:13951: checking if arm-linux-androideabi-g++ static flag -static works
configure:13979: result: yes
configure:13991: checking if arm-linux-androideabi-g++ supports -c -o file.o
configure:14012: arm-linux-androideabi-g++ -c --sysroot=/home/spykid/sdm/ndk/platforms/android-8/arch-arm/ -I../libevent/include -L/home/spykid/libfluid/examples/android/jni/libfluid_base/../libevent -I/home/spykid/sdm/ndk/sources/cxx-stl/gnu-libstdc++/4.7/include -I/home/spykid/sdm/ndk/sources/cxx-stl/gnu-libstdc++/4.7/include/backward -I/home/spykid/sdm/ndk/sources/cxx-stl/gnu-libstdc++/4.7/libs/armeabi-v7a/include  -o out/conftest2.o conftest.cpp >&5
configure:14016: $? = 0
configure:14038: result: yes
configure:14043: checking if arm-linux-androideabi-g++ supports -c -o file.o
configure:14090: result: yes
configure:14120: checking whether the arm-linux-androideabi-g++ linker (arm-linux-androideabi-ld) supports shared libraries
configure:14159: result: yes
configure:14300: checking dynamic linker characteristics
configure:14968: result: GNU/Linux ld.so
configure:15021: checking how to hardcode library paths into programs
configure:15046: result: immediate
configure:15125: checking for arm-linux-androideabi-pkg-config
configure:15158: result: no
configure:15168: checking for pkg-config
configure:15186: found /usr/bin/pkg-config
configure:15198: result: /usr/bin/pkg-config
configure:15223: checking pkg-config is at least version 0.9.0
configure:15226: result: yes
configure:15236: checking for libevent
configure:15243: $PKG_CONFIG --exists --print-errors "libevent >= 2.0.16-stable"
configure:15246: $? = 0
configure:15260: $PKG_CONFIG --exists --print-errors "libevent >= 2.0.16-stable"
configure:15263: $? = 0
configure:15321: result: yes
configure:15327: checking for libevent_pthreads
configure:15334: $PKG_CONFIG --exists --print-errors "libevent_pthreads >= 2.0.16-stable"
configure:15337: $? = 0
configure:15351: $PKG_CONFIG --exists --print-errors "libevent_pthreads >= 2.0.16-stable"
configure:15354: $? = 0
configure:15412: result: yes
configure:15647: checking that generated files are newer than configure
configure:15653: result: done
configure:15688: creating ./config.status

## ---------------------- ##
## Running config.status. ##
## ---------------------- ##

This file was extended by libfluid_base config.status 1.0, which was
generated by GNU Autoconf 2.69.  Invocation command line was

  CONFIG_FILES    = 
  CONFIG_HEADERS  = 
  CONFIG_LINKS    = 
  CONFIG_COMMANDS = 
  $ ./config.status 

on sasha

config.status:1146: creating Makefile
config.status:1146: creating libfluid_base.pc
config.status:1146: creating config.h
config.status:1375: executing depfiles commands
config.status:1375: executing libtool commands

## ---------------- ##
## Cache variables. ##
## ---------------- ##

ac_cv_build=x86_64-unknown-linux-gnu
ac_cv_c_compiler_gnu=yes
ac_cv_cxx_compiler_gnu=yes
ac_cv_env_CCC_set=
ac_cv_env_CCC_value=
ac_cv_env_CC_set=
ac_cv_env_CC_value=
ac_cv_env_CFLAGS_set=
ac_cv_env_CFLAGS_value=
ac_cv_env_CPPFLAGS_set=
ac_cv_env_CPPFLAGS_value=
ac_cv_env_CPP_set=
ac_cv_env_CPP_value=
ac_cv_env_CXXCPP_set=
ac_cv_env_CXXCPP_value=
ac_cv_env_CXXFLAGS_set=set
ac_cv_env_CXXFLAGS_value='--sysroot=/home/spykid/sdm/ndk/platforms/android-8/arch-arm/ -I../libevent/include -L/home/spykid/libfluid/examples/android/jni/libfluid_base/../libevent -I/home/spykid/sdm/ndk/sources/cxx-stl/gnu-libstdc++/4.7/include -I/home/spykid/sdm/ndk/sources/cxx-stl/gnu-libstdc++/4.7/include/backward -I/home/spykid/sdm/ndk/sources/cxx-stl/gnu-libstdc++/4.7/libs/armeabi-v7a/include'
ac_cv_env_CXX_set=set
ac_cv_env_CXX_value=arm-linux-androideabi-g++
ac_cv_env_LDFLAGS_set=
ac_cv_env_LDFLAGS_value=
ac_cv_env_LIBS_set=
ac_cv_env_LIBS_value=
ac_cv_env_PKG_CONFIG_LIBDIR_set=
ac_cv_env_PKG_CONFIG_LIBDIR_value=
ac_cv_env_PKG_CONFIG_PATH_set=
ac_cv_env_PKG_CONFIG_PATH_value=
ac_cv_env_PKG_CONFIG_set=
ac_cv_env_PKG_CONFIG_value=
ac_cv_env_build_alias_set=
ac_cv_env_build_alias_value=
ac_cv_env_host_alias_set=set
ac_cv_env_host_alias_value=arm-linux-androideabi
ac_cv_env_libevent_CFLAGS_set=
ac_cv_env_libevent_CFLAGS_value=
ac_cv_env_libevent_LIBS_set=
ac_cv_env_libevent_LIBS_value=
ac_cv_env_libevent_openssl_CFLAGS_set=
ac_cv_env_libevent_openssl_CFLAGS_value=
ac_cv_env_libevent_openssl_LIBS_set=
ac_cv_env_libevent_openssl_LIBS_value=
ac_cv_env_libevent_pthreads_CFLAGS_set=
ac_cv_env_libevent_pthreads_CFLAGS_value=
ac_cv_env_libevent_pthreads_LIBS_set=
ac_cv_env_libevent_pthreads_LIBS_value=
ac_cv_env_target_alias_set=
ac_cv_env_target_alias_value=
ac_cv_header_dlfcn_h=no
ac_cv_header_inttypes_h=no
ac_cv_header_memory_h=no
ac_cv_header_stdc=no
ac_cv_header_stdint_h=no
ac_cv_header_stdlib_h=no
ac_cv_header_string_h=no
ac_cv_header_strings_h=no
ac_cv_header_sys_stat_h=no
ac_cv_header_sys_types_h=no
ac_cv_header_unistd_h=no
ac_cv_host=arm-unknown-linux-androideabi
ac_cv_objext=o
ac_cv_path_EGREP='/bin/grep -E'
ac_cv_path_FGREP='/bin/grep -F'
ac_cv_path_GREP=/bin/grep
ac_cv_path_SED=/bin/sed
ac_cv_path_ac_pt_PKG_CONFIG=/usr/bin/pkg-config
ac_cv_path_install='/usr/bin/install -c'
ac_cv_path_mkdir=/bin/mkdir
ac_cv_prog_AR=arm-linux-androideabi-ar
ac_cv_prog_AWK=mawk
ac_cv_prog_CC=arm-linux-androideabi-gcc
ac_cv_prog_CPP=/lib/cpp
ac_cv_prog_CXXCPP=/lib/cpp
ac_cv_prog_OBJDUMP=arm-linux-androideabi-objdump
ac_cv_prog_RANLIB=arm-linux-androideabi-ranlib
ac_cv_prog_STRIP=arm-linux-androideabi-strip
ac_cv_prog_ac_ct_MANIFEST_TOOL=mt
ac_cv_prog_cc_c89=no
ac_cv_prog_cc_g=yes
ac_cv_prog_cxx_g=yes
ac_cv_prog_make_make_set=yes
am_cv_CC_dependencies_compiler_type=gcc3
am_cv_CXX_dependencies_compiler_type=gcc3
am_cv_make_support_nested_variables=yes
am_cv_prog_cc_c_o=yes
lt_cv_ar_at_file=@
lt_cv_archive_cmds_need_lc=no
lt_cv_deplibs_check_method=pass_all
lt_cv_file_magic_cmd='$MAGIC_CMD'
lt_cv_file_magic_test_file=
lt_cv_ld_reload_flag=-r
lt_cv_nm_interface='BSD nm'
lt_cv_objdir=.libs
lt_cv_path_LD=arm-linux-androideabi-ld
lt_cv_path_LDCXX=arm-linux-androideabi-ld
lt_cv_path_NM='/home/spykid/sdm/ndk/toolchains/arm-linux-androideabi-4.7/prebuilt/linux-x86_64/bin/arm-linux-androideabi-nm -B'
lt_cv_path_mainfest_tool=no
lt_cv_prog_compiler_c_o=yes
lt_cv_prog_compiler_c_o_CXX=yes
lt_cv_prog_compiler_pic='-fPIC -DPIC'
lt_cv_prog_compiler_pic_CXX='-fPIC -DPIC'
lt_cv_prog_compiler_pic_works=yes
lt_cv_prog_compiler_pic_works_CXX=yes
lt_cv_prog_compiler_rtti_exceptions=no
lt_cv_prog_compiler_static_works=no
lt_cv_prog_compiler_static_works_CXX=yes
lt_cv_prog_gnu_ld=yes
lt_cv_prog_gnu_ldcxx=yes
lt_cv_sharedlib_from_linklib_cmd='printf %s\n'
lt_cv_shlibpath_overrides_runpath=no
lt_cv_sys_global_symbol_pipe=
lt_cv_sys_global_symbol_to_c_name_address='sed -n -e '\''s/^: \([^ ]*\)[ ]*$/  {\"\1\", (void *) 0},/p'\'' -e '\''s/^[ABCDGIRSTW]* \([^ ]*\) \([^ ]*\)$/  {"\2", (void *) \&\2},/p'\'''
lt_cv_sys_global_symbol_to_c_name_address_lib_prefix='sed -n -e '\''s/^: \([^ ]*\)[ ]*$/  {\"\1\", (void *) 0},/p'\'' -e '\''s/^[ABCDGIRSTW]* \([^ ]*\) \(lib[^ ]*\)$/  {"\2", (void *) \&\2},/p'\'' -e '\''s/^[ABCDGIRSTW]* \([^ ]*\) \([^ ]*\)$/  {"lib\2", (void *) \&\2},/p'\'''
lt_cv_sys_global_symbol_to_cdecl=
lt_cv_sys_max_cmd_len=1572864
lt_cv_to_host_file_cmd=func_convert_file_noop
lt_cv_to_tool_file_cmd=func_convert_file_noop
pkg_cv_libevent_CFLAGS=' '
pkg_cv_libevent_LIBS='-levent  '
pkg_cv_libevent_pthreads_CFLAGS='-pthread  '
pkg_cv_libevent_pthreads_LIBS='-levent_pthreads -levent  '

## ----------------- ##
## Output variables. ##
## ----------------- ##

ACLOCAL='${SHELL} /home/spykid/libfluid/examples/android/jni/libfluid_base/missing aclocal-1.14'
AMDEPBACKSLASH='\'
AMDEP_FALSE='#'
AMDEP_TRUE=''
AMTAR='$${TAR-tar}'
AM_BACKSLASH='\'
AM_DEFAULT_V='$(AM_DEFAULT_VERBOSITY)'
AM_DEFAULT_VERBOSITY='1'
AM_V='$(V)'
AR='arm-linux-androideabi-ar'
AUTOCONF='${SHELL} /home/spykid/libfluid/examples/android/jni/libfluid_base/missing autoconf'
AUTOHEADER='${SHELL} /home/spykid/libfluid/examples/android/jni/libfluid_base/missing autoheader'
AUTOMAKE='${SHELL} /home/spykid/libfluid/examples/android/jni/libfluid_base/missing automake-1.14'
AWK='mawk'
CC='arm-linux-androideabi-gcc'
CCDEPMODE='depmode=gcc3'
CFLAGS='-g -O2'
CPP='/lib/cpp'
CPPFLAGS=''
CXX='arm-linux-androideabi-g++'
CXXCPP='/lib/cpp'
CXXDEPMODE='depmode=gcc3'
CXXFLAGS='--sysroot=/home/spykid/sdm/ndk/platforms/android-8/arch-arm/ -I../libevent/include -L/home/spykid/libfluid/examples/android/jni/libfluid_base/../libevent -I/home/spykid/sdm/ndk/sources/cxx-stl/gnu-libstdc++/4.7/include -I/home/spykid/sdm/ndk/sources/cxx-stl/gnu-libstdc++/4.7/include/backward -I/home/spykid/sdm/ndk/sources/cxx-stl/gnu-libstdc++/4.7/libs/armeabi-v7a/include'
CYGPATH_W='echo'
DEFS='-DHAVE_CONFIG_H'
DEPDIR='.deps'
DLLTOOL='false'
DSYMUTIL=''
DUMPBIN=''
ECHO_C=''
ECHO_N='-n'
ECHO_T=''
EGREP='/bin/grep -E'
EXEEXT=''
FGREP='/bin/grep -F'
GREP='/bin/grep'
INSTALL_DATA='${INSTALL} -m 644'
INSTALL_PROGRAM='${INSTALL}'
INSTALL_SCRIPT='${INSTALL}'
INSTALL_STRIP_PROGRAM='$(install_sh) -c -s'
LD='arm-linux-androideabi-ld'
LDFLAGS=''
LIBFLUID_BASE_SO_VERSION='0:0:0'
LIBOBJS=''
LIBS=''
LIBTOOL='$(SHELL) $(top_builddir)/libtool'
LIPO=''
LN_S='ln -s'
LTLIBOBJS=''
MAKEINFO='${SHELL} /home/spykid/libfluid/examples/android/jni/libfluid_base/missing makeinfo'
MANIFEST_TOOL=':'
MKDIR_P='/bin/mkdir -p'
NM='/home/spykid/sdm/ndk/toolchains/arm-linux-androideabi-4.7/prebuilt/linux-x86_64/bin/arm-linux-androideabi-nm -B'
NMEDIT=''
OBJDUMP='arm-linux-androideabi-objdump'
OBJEXT='o'
OTOOL64=''
OTOOL=''
PACKAGE='libfluid_base'
PACKAGE_BUGREPORT='allanv@cpqd.com.br'
PACKAGE_NAME='libfluid_base'
PACKAGE_STRING='libfluid_base 1.0'
PACKAGE_TARNAME='libfluid_base'
PACKAGE_URL='http://www.cpqd.com.br/'
PACKAGE_VERSION='1.0'
PATH_SEPARATOR=':'
PKG_CONFIG='/usr/bin/pkg-config'
PKG_CONFIG_LIBDIR=''
PKG_CONFIG_PATH=''
RANLIB='arm-linux-androideabi-ranlib'
SED='/bin/sed'
SET_MAKE=''
SHELL='/bin/bash'
STRIP='arm-linux-androideabi-strip'
TLS_FALSE=''
TLS_TRUE='#'
VERSION='1.0'
ac_ct_AR=''
ac_ct_CC=''
ac_ct_CXX=''
ac_ct_DUMPBIN=''
am__EXEEXT_FALSE=''
am__EXEEXT_TRUE='#'
am__fastdepCC_FALSE='#'
am__fastdepCC_TRUE=''
am__fastdepCXX_FALSE='#'
am__fastdepCXX_TRUE=''
am__include='include'
am__isrc=''
am__leading_dot='.'
am__nodep='_no'
am__quote=''
am__tar='$${TAR-tar} chof - "$$tardir"'
am__untar='$${TAR-tar} xf -'
bindir='${exec_prefix}/bin'
build='x86_64-unknown-linux-gnu'
build_alias=''
build_cpu='x86_64'
build_os='linux-gnu'
build_vendor='unknown'
datadir='${datarootdir}'
datarootdir='${prefix}/share'
docdir='${datarootdir}/doc/${PACKAGE_TARNAME}'
dvidir='${docdir}'
exec_prefix='${prefix}'
host='arm-unknown-linux-androideabi'
host_alias='arm-linux-androideabi'
host_cpu='arm'
host_os='linux-androideabi'
host_vendor='unknown'
htmldir='${docdir}'
includedir='${prefix}/include'
infodir='${datarootdir}/info'
install_sh='${SHELL} /home/spykid/libfluid/examples/android/jni/libfluid_base/install-sh'
libdir='${exec_prefix}/lib'
libevent_CFLAGS=' '
libevent_LIBS='-levent  '
libevent_openssl_CFLAGS=''
libevent_openssl_LIBS=''
libevent_pthreads_CFLAGS='-pthread  '
libevent_pthreads_LIBS='-levent_pthreads -levent  '
libexecdir='${exec_prefix}/libexec'
localedir='${datarootdir}/locale'
localstatedir='${prefix}/var'
mandir='${datarootdir}/man'
mkdir_p='$(MKDIR_P)'
oldincludedir='/usr/include'
pdfdir='${docdir}'
prefix='/usr/local'
program_transform_name='s,x,x,'
psdir='${docdir}'
sbindir='${exec_prefix}/sbin'
sharedstatedir='${prefix}/com'
sysconfdir='${prefix}/etc'
target_alias=''

## ----------- ##
## confdefs.h. ##
## ----------- ##

/* confdefs.h */
#define PACKAGE_NAME "libfluid_base"
#define PACKAGE_TARNAME "libfluid_base"
#define PACKAGE_VERSION "1.0"
#define PACKAGE_STRING "libfluid_base 1.0"
#define PACKAGE_BUGREPORT "allanv@cpqd.com.br"
#define PACKAGE_URL "http://www.cpqd.com.br/"
#define LT_OBJDIR ".libs/"

configure: exit 0
